#-----------------------------------------------------------
# xsim v2021.2 (64-bit)
# SW Build 3367213 on Tue Oct 19 02:48:09 MDT 2021
# IP Build 3369179 on Thu Oct 21 08:25:16 MDT 2021
# Start of session at: Sat May 11 22:37:04 2024
# Process ID: 1924
# Current directory: C:/Users/leolo/Project/SOC/UserDMA/solution1/sim/verilog
# Command line: xsim.exe -mode tcl -source {xsim.dir/userdma/xsim_script.tcl}
# Log file: C:/Users/leolo/Project/SOC/UserDMA/solution1/sim/verilog/xsim.log
# Journal file: C:/Users/leolo/Project/SOC/UserDMA/solution1/sim/verilog\xsim.jou
# Running On: DESKTOP-LQNSKJJ, OS: Windows, CPU Frequency: 2112 MHz, CPU Physical cores: 12, Host memory: 34137 MB
#-----------------------------------------------------------
source xsim.dir/userdma/xsim_script.tcl
# xsim {userdma} -autoloadwcfg -tclbatch {userdma.tcl}
Time resolution is 1 ps
source userdma.tcl
## run all
////////////////////////////////////////////////////////////////////////////////////
// Inter-Transaction Progress: Completed Transaction / Total Transaction
// Intra-Transaction Progress: Measured Latency / Latency Estimation * 100%
//
// RTL Simulation : "Inter-Transaction Progress" ["Intra-Transaction Progress"] @ "Simulation Time"
////////////////////////////////////////////////////////////////////////////////////
// RTL Simulation : 0 / 2 [n/a] @ "125000"
// RTL Simulation : 1 / 2 [n/a] @ "3505000"
// RTL Simulation : 2 / 2 [n/a] @ "4615000"
////////////////////////////////////////////////////////////////////////////////////
$finish called at time : 4675 ns : File "C:/Users/leolo/Project/SOC/UserDMA/solution1/sim/verilog/userdma.autotb.v" Line 782
## quit
INFO: [Common 17-206] Exiting xsim at Sat May 11 22:37:15 2024...
