Time resolution is 1 ps
XilinxAXIVIP: Found at Path: fsic_tb.DUT.design_1_i.axi_vip_0.inst
XilinxAXIVIP: Found at Path: fsic_tb.DUT.design_1_i.axi_vip_1.inst
XilinxAXIVIP: Found at Path: fsic_tb.DUT.design_1_i.axi_vip_2.inst
XilinxAXIVIP: Found at Path: fsic_tb.DUT.design_1_i.axi_vip_3.inst
 Block Memory Generator module loading initial data...
 Block Memory Generator data initialization complete.
Block Memory Generator module fsic_tb.DUT.design_1_i.blk_mem_gen_0.inst.\native_mem_mapped_module.blk_mem_gen_v8_4_5_inst  is using a behavioral model for simulation which will not precisely model memory collision behavior.
                 200=> sys_rest = 1
               28858=> rst_clk_wiz_0_5M_peripheral_aresetn = 1
              228858=> CaravelSoC resetb_0 = 1
             8151658=> FW working, caravel_0_mprj_o[37] = 1
             8151658=> PL_IS enabling...
             8153858=> AXI4LITE_WRITE_BURST 60007000, value: 0001, resp: 00
             8165858=> AXI4LITE_WRITE_BURST 60007000, value: 0003, resp: 00
             8177458=> AXI4LITE_READ_BURST 60007000, value: 0003, resp: 00
             8177458=> PL_IS enables: = 00000003
             8177458=> Starting test...
             8177458=> Starting SocUp2DmaPath() test...
             8177458=> =======================================================================
WARNING: Data truncated while reading Datafile: ../../../../../in.hex, while loading at index: 150
WARNING: Data truncated while reading Datafile: ../../../../../in.hex, while loading at index: 151
WARNING: Data truncated while reading Datafile: ../../../../../in.hex, while loading at index: 152
WARNING: Data truncated while reading Datafile: ../../../../../in.hex, while loading at index: 153
WARNING: Data truncated while reading Datafile: ../../../../../in.hex, while loading at index: 154
WARNING: Data truncated while reading Datafile: ../../../../../in.hex, while loading at index: 155
WARNING: Data truncated while reading Datafile: ../../../../../in.hex, while loading at index: 156
WARNING: Data truncated while reading Datafile: ../../../../../in.hex, while loading at index: 157
WARNING: Data truncated while reading Datafile: ../../../../../in.hex, while loading at index: 158
WARNING: Data truncated while reading Datafile: ../../../../../in.hex, while loading at index: 159
WARNING: Data truncated while reading Datafile: ../../../../../in.hex, while loading at index: 160
WARNING: Data truncated while reading Datafile: ../../../../../in.hex, while loading at index: 161
WARNING: Data truncated while reading Datafile: ../../../../../in.hex, while loading at index: 162
WARNING: Data truncated while reading Datafile: ../../../../../in.hex, while loading at index: 163
WARNING: Data truncated while reading Datafile: ../../../../../in.hex, while loading at index: 164
WARNING: Data truncated while reading Datafile: ../../../../../in.hex, while loading at index: 165
WARNING: Data truncated while reading Datafile: ../../../../../in.hex, while loading at index: 166
WARNING: Data truncated while reading Datafile: ../../../../../in.hex, while loading at index: 167
WARNING: Data truncated while reading Datafile: ../../../../../in.hex, while loading at index: 168
WARNING: Data truncated while reading Datafile: ../../../../../in.hex, while loading at index: 169
WARNING: Data truncated while reading Datafile: ../../../../../in.hex, while loading at index: 170
WARNING: Data truncated while reading Datafile: ../../../../../in.hex, while loading at index: 171
WARNING: Data truncated while reading Datafile: ../../../../../in.hex, while loading at index: 172
WARNING: Data truncated while reading Datafile: ../../../../../in.hex, while loading at index: 173
WARNING: Data truncated while reading Datafile: ../../../../../in.hex, while loading at index: 174
WARNING: Data truncated while reading Datafile: ../../../../../in.hex, while loading at index: 175
WARNING: Data truncated while reading Datafile: ../../../../../in.hex, while loading at index: 176
WARNING: Data truncated while reading Datafile: ../../../../../in.hex, while loading at index: 177
WARNING: Data truncated while reading Datafile: ../../../../../in.hex, while loading at index: 178
WARNING: Data truncated while reading Datafile: ../../../../../in.hex, while loading at index: 179
WARNING: Data truncated while reading Datafile: ../../../../../in.hex, while loading at index: 180
WARNING: Data truncated while reading Datafile: ../../../../../in.hex, while loading at index: 181
WARNING: Data truncated while reading Datafile: ../../../../../in.hex, while loading at index: 182
WARNING: Data truncated while reading Datafile: ../../../../../in.hex, while loading at index: 183
WARNING: Data truncated while reading Datafile: ../../../../../in.hex, while loading at index: 184
WARNING: Data truncated while reading Datafile: ../../../../../in.hex, while loading at index: 185
WARNING: Data truncated while reading Datafile: ../../../../../in.hex, while loading at index: 186
WARNING: Data truncated while reading Datafile: ../../../../../in.hex, while loading at index: 187
WARNING: Data truncated while reading Datafile: ../../../../../in.hex, while loading at index: 188
WARNING: Data truncated while reading Datafile: ../../../../../in.hex, while loading at index: 189
WARNING: Data truncated while reading Datafile: ../../../../../in.hex, while loading at index: 190
WARNING: Data truncated while reading Datafile: ../../../../../in.hex, while loading at index: 191
WARNING: Data truncated while reading Datafile: ../../../../../in.hex, while loading at index: 192
WARNING: Data truncated while reading Datafile: ../../../../../in.hex, while loading at index: 193
WARNING: Data truncated while reading Datafile: ../../../../../in.hex, while loading at index: 194
WARNING: Data truncated while reading Datafile: ../../../../../in.hex, while loading at index: 195
WARNING: Data truncated while reading Datafile: ../../../../../in.hex, while loading at index: 196
WARNING: Data truncated while reading Datafile: ../../../../../in.hex, while loading at index: 197
WARNING: Data truncated while reading Datafile: ../../../../../in.hex, while loading at index: 198
WARNING: Data truncated while reading Datafile: ../../../../../in.hex, while loading at index: 199
WARNING: Data truncated while reading Datafile: ../../../../../in.hex, while loading at index: 200
WARNING: Data truncated while reading Datafile: ../../../../../in.hex, while loading at index: 201
WARNING: Data truncated while reading Datafile: ../../../../../in.hex, while loading at index: 202
WARNING: Data truncated while reading Datafile: ../../../../../in.hex, while loading at index: 203
WARNING: Data truncated while reading Datafile: ../../../../../in.hex, while loading at index: 204
WARNING: Data truncated while reading Datafile: ../../../../../in.hex, while loading at index: 205
WARNING: Data truncated while reading Datafile: ../../../../../in.hex, while loading at index: 206
WARNING: Data truncated while reading Datafile: ../../../../../in.hex, while loading at index: 207
WARNING: Data truncated while reading Datafile: ../../../../../in.hex, while loading at index: 208
WARNING: Data truncated while reading Datafile: ../../../../../in.hex, while loading at index: 209
WARNING: Data truncated while reading Datafile: ../../../../../in.hex, while loading at index: 210
WARNING: Data truncated while reading Datafile: ../../../../../in.hex, while loading at index: 211
WARNING: Data truncated while reading Datafile: ../../../../../in.hex, while loading at index: 212
WARNING: Data truncated while reading Datafile: ../../../../../in.hex, while loading at index: 213
WARNING: Data truncated while reading Datafile: ../../../../../in.hex, while loading at index: 214
WARNING: Data truncated while reading Datafile: ../../../../../in.hex, while loading at index: 215
WARNING: Data truncated while reading Datafile: ../../../../../in.hex, while loading at index: 216
WARNING: Data truncated while reading Datafile: ../../../../../in.hex, while loading at index: 217
WARNING: Data truncated while reading Datafile: ../../../../../in.hex, while loading at index: 218
WARNING: Data truncated while reading Datafile: ../../../../../in.hex, while loading at index: 219
WARNING: Data truncated while reading Datafile: ../../../../../in.hex, while loading at index: 220
WARNING: Data truncated while reading Datafile: ../../../../../in.hex, while loading at index: 221
WARNING: Data truncated while reading Datafile: ../../../../../in.hex, while loading at index: 222
WARNING: Data truncated while reading Datafile: ../../../../../in.hex, while loading at index: 223
WARNING: Data truncated while reading Datafile: ../../../../../in.hex, while loading at index: 224
WARNING: Data truncated while reading Datafile: ../../../../../in.hex, while loading at index: 225
WARNING: Data truncated while reading Datafile: ../../../../../in.hex, while loading at index: 226
WARNING: Data truncated while reading Datafile: ../../../../../in.hex, while loading at index: 227
WARNING: Data truncated while reading Datafile: ../../../../../in.hex, while loading at index: 228
WARNING: Data truncated while reading Datafile: ../../../../../in.hex, while loading at index: 229
WARNING: Data truncated while reading Datafile: ../../../../../in.hex, while loading at index: 230
WARNING: Data truncated while reading Datafile: ../../../../../in.hex, while loading at index: 231
WARNING: Data truncated while reading Datafile: ../../../../../in.hex, while loading at index: 232
WARNING: Data truncated while reading Datafile: ../../../../../in.hex, while loading at index: 233
WARNING: Data truncated while reading Datafile: ../../../../../in.hex, while loading at index: 234
WARNING: Data truncated while reading Datafile: ../../../../../in.hex, while loading at index: 235
WARNING: Data truncated while reading Datafile: ../../../../../in.hex, while loading at index: 236
WARNING: Data truncated while reading Datafile: ../../../../../in.hex, while loading at index: 237
WARNING: Data truncated while reading Datafile: ../../../../../in.hex, while loading at index: 238
WARNING: Data truncated while reading Datafile: ../../../../../in.hex, while loading at index: 239
WARNING: Data truncated while reading Datafile: ../../../../../in.hex, while loading at index: 240
WARNING: Data truncated while reading Datafile: ../../../../../in.hex, while loading at index: 241
WARNING: Data truncated while reading Datafile: ../../../../../in.hex, while loading at index: 242
WARNING: Data truncated while reading Datafile: ../../../../../in.hex, while loading at index: 243
WARNING: Data truncated while reading Datafile: ../../../../../in.hex, while loading at index: 244
WARNING: Data truncated while reading Datafile: ../../../../../in.hex, while loading at index: 245
WARNING: Data truncated while reading Datafile: ../../../../../in.hex, while loading at index: 246
WARNING: Data truncated while reading Datafile: ../../../../../in.hex, while loading at index: 247
WARNING: Data truncated while reading Datafile: ../../../../../in.hex, while loading at index: 248
WARNING: Data truncated while reading Datafile: ../../../../../in.hex, while loading at index: 249
WARNING: Data truncated while reading Datafile: ../../../../../in.hex, while loading at index: 250
WARNING: Data truncated while reading Datafile: ../../../../../in.hex, while loading at index: 251
WARNING: Data truncated while reading Datafile: ../../../../../in.hex, while loading at index: 252
WARNING: Data truncated while reading Datafile: ../../../../../in.hex, while loading at index: 253
WARNING: Data truncated while reading Datafile: ../../../../../in.hex, while loading at index: 254
WARNING: Data truncated while reading Datafile: ../../../../../in.hex, while loading at index: 255
WARNING: Data truncated while reading Datafile: ../../../../../in.hex, while loading at index: 256
WARNING: Data truncated while reading Datafile: ../../../../../in.hex, while loading at index: 257
WARNING: Data truncated while reading Datafile: ../../../../../in.hex, while loading at index: 258
WARNING: Data truncated while reading Datafile: ../../../../../in.hex, while loading at index: 259
WARNING: Data truncated while reading Datafile: ../../../../../in.hex, while loading at index: 260
WARNING: Data truncated while reading Datafile: ../../../../../in.hex, while loading at index: 261
WARNING: Data truncated while reading Datafile: ../../../../../in.hex, while loading at index: 262
WARNING: Data truncated while reading Datafile: ../../../../../in.hex, while loading at index: 263
WARNING: Data truncated while reading Datafile: ../../../../../in.hex, while loading at index: 264
WARNING: Data truncated while reading Datafile: ../../../../../in.hex, while loading at index: 265
WARNING: Data truncated while reading Datafile: ../../../../../in.hex, while loading at index: 266
WARNING: Data truncated while reading Datafile: ../../../../../in.hex, while loading at index: 267
WARNING: Data truncated while reading Datafile: ../../../../../in.hex, while loading at index: 268
WARNING: Data truncated while reading Datafile: ../../../../../in.hex, while loading at index: 269
WARNING: Data truncated while reading Datafile: ../../../../../in.hex, while loading at index: 270
WARNING: Data truncated while reading Datafile: ../../../../../in.hex, while loading at index: 271
WARNING: Data truncated while reading Datafile: ../../../../../in.hex, while loading at index: 272
WARNING: Data truncated while reading Datafile: ../../../../../in.hex, while loading at index: 273
WARNING: Data truncated while reading Datafile: ../../../../../in.hex, while loading at index: 274
WARNING: Data truncated while reading Datafile: ../../../../../in.hex, while loading at index: 275
WARNING: Data truncated while reading Datafile: ../../../../../in.hex, while loading at index: 276
WARNING: Data truncated while reading Datafile: ../../../../../in.hex, while loading at index: 277
WARNING: Data truncated while reading Datafile: ../../../../../in.hex, while loading at index: 278
WARNING: Data truncated while reading Datafile: ../../../../../in.hex, while loading at index: 279
WARNING: Data truncated while reading Datafile: ../../../../../in.hex, while loading at index: 280
WARNING: Data truncated while reading Datafile: ../../../../../in.hex, while loading at index: 281
WARNING: Data truncated while reading Datafile: ../../../../../in.hex, while loading at index: 282
WARNING: Data truncated while reading Datafile: ../../../../../in.hex, while loading at index: 283
WARNING: Data truncated while reading Datafile: ../../../../../in.hex, while loading at index: 284
WARNING: Data truncated while reading Datafile: ../../../../../in.hex, while loading at index: 285
WARNING: Data truncated while reading Datafile: ../../../../../in.hex, while loading at index: 286
WARNING: Data truncated while reading Datafile: ../../../../../in.hex, while loading at index: 287
WARNING: Data truncated while reading Datafile: ../../../../../in.hex, while loading at index: 288
WARNING: Data truncated while reading Datafile: ../../../../../in.hex, while loading at index: 289
WARNING: Data truncated while reading Datafile: ../../../../../in.hex, while loading at index: 290
WARNING: Data truncated while reading Datafile: ../../../../../in.hex, while loading at index: 291
WARNING: Data truncated while reading Datafile: ../../../../../in.hex, while loading at index: 292
WARNING: Data truncated while reading Datafile: ../../../../../in.hex, while loading at index: 293
WARNING: Data truncated while reading Datafile: ../../../../../in.hex, while loading at index: 294
WARNING: Data truncated while reading Datafile: ../../../../../in.hex, while loading at index: 295
WARNING: Data truncated while reading Datafile: ../../../../../in.hex, while loading at index: 296
WARNING: Data truncated while reading Datafile: ../../../../../in.hex, while loading at index: 297
WARNING: Data truncated while reading Datafile: ../../../../../in.hex, while loading at index: 298
WARNING: Data truncated while reading Datafile: ../../../../../in.hex, while loading at index: 450
WARNING: Data truncated while reading Datafile: ../../../../../in.hex, while loading at index: 451
WARNING: Data truncated while reading Datafile: ../../../../../in.hex, while loading at index: 452
WARNING: Data truncated while reading Datafile: ../../../../../in.hex, while loading at index: 453
WARNING: Data truncated while reading Datafile: ../../../../../in.hex, while loading at index: 454
WARNING: Data truncated while reading Datafile: ../../../../../in.hex, while loading at index: 455
WARNING: Data truncated while reading Datafile: ../../../../../in.hex, while loading at index: 456
WARNING: Data truncated while reading Datafile: ../../../../../in.hex, while loading at index: 457
WARNING: Data truncated while reading Datafile: ../../../../../in.hex, while loading at index: 458
WARNING: Data truncated while reading Datafile: ../../../../../in.hex, while loading at index: 459
WARNING: Data truncated while reading Datafile: ../../../../../in.hex, while loading at index: 460
WARNING: Data truncated while reading Datafile: ../../../../../in.hex, while loading at index: 461
WARNING: Data truncated while reading Datafile: ../../../../../in.hex, while loading at index: 462
WARNING: Data truncated while reading Datafile: ../../../../../in.hex, while loading at index: 463
WARNING: Data truncated while reading Datafile: ../../../../../in.hex, while loading at index: 464
WARNING: Data truncated while reading Datafile: ../../../../../in.hex, while loading at index: 465
WARNING: Data truncated while reading Datafile: ../../../../../in.hex, while loading at index: 466
WARNING: Data truncated while reading Datafile: ../../../../../in.hex, while loading at index: 467
WARNING: Data truncated while reading Datafile: ../../../../../in.hex, while loading at index: 468
WARNING: Data truncated while reading Datafile: ../../../../../in.hex, while loading at index: 469
WARNING: Data truncated while reading Datafile: ../../../../../in.hex, while loading at index: 470
WARNING: Data truncated while reading Datafile: ../../../../../in.hex, while loading at index: 471
WARNING: Data truncated while reading Datafile: ../../../../../in.hex, while loading at index: 472
WARNING: Data truncated while reading Datafile: ../../../../../in.hex, while loading at index: 473
WARNING: Data truncated while reading Datafile: ../../../../../in.hex, while loading at index: 474
WARNING: Data truncated while reading Datafile: ../../../../../in.hex, while loading at index: 475
WARNING: Data truncated while reading Datafile: ../../../../../in.hex, while loading at index: 476
WARNING: Data truncated while reading Datafile: ../../../../../in.hex, while loading at index: 477
WARNING: Data truncated while reading Datafile: ../../../../../in.hex, while loading at index: 478
WARNING: Data truncated while reading Datafile: ../../../../../in.hex, while loading at index: 479
WARNING: Data truncated while reading Datafile: ../../../../../in.hex, while loading at index: 480
WARNING: Data truncated while reading Datafile: ../../../../../in.hex, while loading at index: 481
WARNING: Data truncated while reading Datafile: ../../../../../in.hex, while loading at index: 482
WARNING: Data truncated while reading Datafile: ../../../../../in.hex, while loading at index: 483
WARNING: Data truncated while reading Datafile: ../../../../../in.hex, while loading at index: 484
WARNING: Data truncated while reading Datafile: ../../../../../in.hex, while loading at index: 485
WARNING: Data truncated while reading Datafile: ../../../../../in.hex, while loading at index: 486
WARNING: Data truncated while reading Datafile: ../../../../../in.hex, while loading at index: 487
WARNING: Data truncated while reading Datafile: ../../../../../in.hex, while loading at index: 488
WARNING: Data truncated while reading Datafile: ../../../../../in.hex, while loading at index: 489
WARNING: Data truncated while reading Datafile: ../../../../../in.hex, while loading at index: 490
WARNING: Data truncated while reading Datafile: ../../../../../in.hex, while loading at index: 491
WARNING: Data truncated while reading Datafile: ../../../../../in.hex, while loading at index: 492
WARNING: Data truncated while reading Datafile: ../../../../../in.hex, while loading at index: 493
WARNING: Data truncated while reading Datafile: ../../../../../in.hex, while loading at index: 494
WARNING: Data truncated while reading Datafile: ../../../../../in.hex, while loading at index: 495
WARNING: Data truncated while reading Datafile: ../../../../../in.hex, while loading at index: 496
WARNING: Data truncated while reading Datafile: ../../../../../in.hex, while loading at index: 497
WARNING: Data truncated while reading Datafile: ../../../../../in.hex, while loading at index: 498
WARNING: Data truncated while reading Datafile: ../../../../../in.hex, while loading at index: 499
WARNING: Data truncated while reading Datafile: ../../../../../in.hex, while loading at index: 500
WARNING: Data truncated while reading Datafile: ../../../../../in.hex, while loading at index: 501
WARNING: Data truncated while reading Datafile: ../../../../../in.hex, while loading at index: 502
WARNING: Data truncated while reading Datafile: ../../../../../in.hex, while loading at index: 503
WARNING: Data truncated while reading Datafile: ../../../../../in.hex, while loading at index: 504
WARNING: Data truncated while reading Datafile: ../../../../../in.hex, while loading at index: 505
WARNING: Data truncated while reading Datafile: ../../../../../in.hex, while loading at index: 506
WARNING: Data truncated while reading Datafile: ../../../../../in.hex, while loading at index: 507
WARNING: Data truncated while reading Datafile: ../../../../../in.hex, while loading at index: 508
WARNING: Data truncated while reading Datafile: ../../../../../in.hex, while loading at index: 509
WARNING: Data truncated while reading Datafile: ../../../../../in.hex, while loading at index: 510
WARNING: Data truncated while reading Datafile: ../../../../../in.hex, while loading at index: 511
WARNING: Data truncated while reading Datafile: ../../../../../in.hex, while loading at index: 512
WARNING: Data truncated while reading Datafile: ../../../../../in.hex, while loading at index: 513
WARNING: Data truncated while reading Datafile: ../../../../../in.hex, while loading at index: 514
WARNING: Data truncated while reading Datafile: ../../../../../in.hex, while loading at index: 515
WARNING: Data truncated while reading Datafile: ../../../../../in.hex, while loading at index: 516
WARNING: Data truncated while reading Datafile: ../../../../../in.hex, while loading at index: 517
WARNING: Data truncated while reading Datafile: ../../../../../in.hex, while loading at index: 518
WARNING: Data truncated while reading Datafile: ../../../../../in.hex, while loading at index: 519
WARNING: Data truncated while reading Datafile: ../../../../../in.hex, while loading at index: 520
WARNING: Data truncated while reading Datafile: ../../../../../in.hex, while loading at index: 521
WARNING: Data truncated while reading Datafile: ../../../../../in.hex, while loading at index: 522
WARNING: Data truncated while reading Datafile: ../../../../../in.hex, while loading at index: 523
WARNING: Data truncated while reading Datafile: ../../../../../in.hex, while loading at index: 524
WARNING: Data truncated while reading Datafile: ../../../../../in.hex, while loading at index: 525
WARNING: Data truncated while reading Datafile: ../../../../../in.hex, while loading at index: 526
WARNING: Data truncated while reading Datafile: ../../../../../in.hex, while loading at index: 527
WARNING: Data truncated while reading Datafile: ../../../../../in.hex, while loading at index: 528
WARNING: Data truncated while reading Datafile: ../../../../../in.hex, while loading at index: 529
WARNING: Data truncated while reading Datafile: ../../../../../in.hex, while loading at index: 530
WARNING: Data truncated while reading Datafile: ../../../../../in.hex, while loading at index: 531
WARNING: Data truncated while reading Datafile: ../../../../../in.hex, while loading at index: 532
WARNING: Data truncated while reading Datafile: ../../../../../in.hex, while loading at index: 533
WARNING: Data truncated while reading Datafile: ../../../../../in.hex, while loading at index: 534
WARNING: Data truncated while reading Datafile: ../../../../../in.hex, while loading at index: 535
WARNING: Data truncated while reading Datafile: ../../../../../in.hex, while loading at index: 536
WARNING: Data truncated while reading Datafile: ../../../../../in.hex, while loading at index: 537
WARNING: Data truncated while reading Datafile: ../../../../../in.hex, while loading at index: 538
WARNING: Data truncated while reading Datafile: ../../../../../in.hex, while loading at index: 539
WARNING: Data truncated while reading Datafile: ../../../../../in.hex, while loading at index: 540
WARNING: Data truncated while reading Datafile: ../../../../../in.hex, while loading at index: 541
WARNING: Data truncated while reading Datafile: ../../../../../in.hex, while loading at index: 542
WARNING: Data truncated while reading Datafile: ../../../../../in.hex, while loading at index: 543
WARNING: Data truncated while reading Datafile: ../../../../../in.hex, while loading at index: 544
WARNING: Data truncated while reading Datafile: ../../../../../in.hex, while loading at index: 545
WARNING: Data truncated while reading Datafile: ../../../../../in.hex, while loading at index: 546
WARNING: Data truncated while reading Datafile: ../../../../../in.hex, while loading at index: 547
WARNING: Data truncated while reading Datafile: ../../../../../in.hex, while loading at index: 548
WARNING: Data truncated while reading Datafile: ../../../../../in.hex, while loading at index: 549
WARNING: Data truncated while reading Datafile: ../../../../../in.hex, while loading at index: 550
WARNING: Data truncated while reading Datafile: ../../../../../in.hex, while loading at index: 551
WARNING: Data truncated while reading Datafile: ../../../../../in.hex, while loading at index: 552
WARNING: Data truncated while reading Datafile: ../../../../../in.hex, while loading at index: 553
WARNING: Data truncated while reading Datafile: ../../../../../in.hex, while loading at index: 554
WARNING: Data truncated while reading Datafile: ../../../../../in.hex, while loading at index: 555
WARNING: Data truncated while reading Datafile: ../../../../../in.hex, while loading at index: 556
WARNING: Data truncated while reading Datafile: ../../../../../in.hex, while loading at index: 557
WARNING: Data truncated while reading Datafile: ../../../../../in.hex, while loading at index: 558
WARNING: Data truncated while reading Datafile: ../../../../../in.hex, while loading at index: 559
WARNING: Data truncated while reading Datafile: ../../../../../in.hex, while loading at index: 560
WARNING: Data truncated while reading Datafile: ../../../../../in.hex, while loading at index: 561
WARNING: Data truncated while reading Datafile: ../../../../../in.hex, while loading at index: 562
WARNING: Data truncated while reading Datafile: ../../../../../in.hex, while loading at index: 563
WARNING: Data truncated while reading Datafile: ../../../../../in.hex, while loading at index: 564
WARNING: Data truncated while reading Datafile: ../../../../../in.hex, while loading at index: 565
WARNING: Data truncated while reading Datafile: ../../../../../in.hex, while loading at index: 566
WARNING: Data truncated while reading Datafile: ../../../../../in.hex, while loading at index: 567
WARNING: Data truncated while reading Datafile: ../../../../../in.hex, while loading at index: 568
WARNING: Data truncated while reading Datafile: ../../../../../in.hex, while loading at index: 569
WARNING: Data truncated while reading Datafile: ../../../../../in.hex, while loading at index: 570
WARNING: Data truncated while reading Datafile: ../../../../../in.hex, while loading at index: 571
WARNING: Data truncated while reading Datafile: ../../../../../in.hex, while loading at index: 572
WARNING: Data truncated while reading Datafile: ../../../../../in.hex, while loading at index: 573
WARNING: Data truncated while reading Datafile: ../../../../../in.hex, while loading at index: 574
WARNING: Data truncated while reading Datafile: ../../../../../in.hex, while loading at index: 575
WARNING: Data truncated while reading Datafile: ../../../../../in.hex, while loading at index: 576
WARNING: Data truncated while reading Datafile: ../../../../../in.hex, while loading at index: 577
WARNING: Data truncated while reading Datafile: ../../../../../in.hex, while loading at index: 578
WARNING: Data truncated while reading Datafile: ../../../../../in.hex, while loading at index: 579
WARNING: Data truncated while reading Datafile: ../../../../../in.hex, while loading at index: 580
WARNING: Data truncated while reading Datafile: ../../../../../in.hex, while loading at index: 581
WARNING: Data truncated while reading Datafile: ../../../../../in.hex, while loading at index: 582
WARNING: Data truncated while reading Datafile: ../../../../../in.hex, while loading at index: 583
WARNING: Data truncated while reading Datafile: ../../../../../in.hex, while loading at index: 584
WARNING: Data truncated while reading Datafile: ../../../../../in.hex, while loading at index: 585
WARNING: Data truncated while reading Datafile: ../../../../../in.hex, while loading at index: 586
WARNING: Data truncated while reading Datafile: ../../../../../in.hex, while loading at index: 587
WARNING: Data truncated while reading Datafile: ../../../../../in.hex, while loading at index: 588
WARNING: Data truncated while reading Datafile: ../../../../../in.hex, while loading at index: 589
WARNING: Data truncated while reading Datafile: ../../../../../in.hex, while loading at index: 590
WARNING: Data truncated while reading Datafile: ../../../../../in.hex, while loading at index: 591
WARNING: Data truncated while reading Datafile: ../../../../../in.hex, while loading at index: 592
WARNING: Data truncated while reading Datafile: ../../../../../in.hex, while loading at index: 593
WARNING: Data truncated while reading Datafile: ../../../../../in.hex, while loading at index: 594
WARNING: Data truncated while reading Datafile: ../../../../../in.hex, while loading at index: 595
WARNING: Data truncated while reading Datafile: ../../../../../in.hex, while loading at index: 596
WARNING: Data truncated while reading Datafile: ../../../../../in.hex, while loading at index: 597
WARNING: Data truncated while reading Datafile: ../../../../../in.hex, while loading at index: 598
WARNING: File ../../../../../out.hex referenced on /home/ubuntu/Desktop/caravel-soc_fpga-lab/fsic_fpga/vivado/fsic_tb.sv at line 827 cannot be opened for reading. Please ensure that this file is available in the current working directory.
             8177458=> FpgaLocal_Write: PL_UPDMA, s2m exit clear...
             8179058=> AXI4LITE_WRITE_BURST 60009020, value: 0000, resp: 00
             8180258=> AXI4LITE_READ_BURST 60009020, value: 0000, resp: 00
             8180258=> Fpga2Soc_Write PL_UPDMA offset 020 = 00000000, PASS
             8180258=> FpgaLocal_Write: PL_UPDMA, s2m disable to clear...
             8181858=> AXI4LITE_WRITE_BURST 60009030, value: 0000, resp: 00
             8183058=> AXI4LITE_READ_BURST 60009030, value: 0000, resp: 00
             8183058=> Fpga2Soc_Write PL_UPDMA offset 030 = 00000000, PASS
             8183058=> FpgaLocal_Write: PL_UPDMA, m2s exit clear...
             8184658=> AXI4LITE_WRITE_BURST 60009078, value: 0000, resp: 00
             8185858=> AXI4LITE_READ_BURST 60009078, value: 0000, resp: 00
             8185858=> Fpga2Soc_Write PL_UPDMA offset 078 = 00000000, PASS
             8185858=> FpgaLocal_Write: PL_UPDMA, m2s disable to clear...
             8187458=> AXI4LITE_WRITE_BURST 60009088, value: 0000, resp: 00
             8188658=> AXI4LITE_READ_BURST 60009088, value: 0000, resp: 00
             8188658=> Fpga2Soc_Write PL_UPDMA offset 088 = 00000000, PASS
             8188658=> FpgaLocal_Write: PL_UPDMA, s2m set buffer length...
             8190258=> AXI4LITE_WRITE_BURST 60009028, value: 0040, resp: 00
             8191458=> AXI4LITE_READ_BURST 60009028, value: 0040, resp: 00
             8191458=> Fpga2Soc_Write PL_UPDMA offset 028 = 00000040, PASS
             8191458=> FpgaLocal_Write: PL_UPDMA, s2m set buffer low...
             8193058=> AXI4LITE_WRITE_BURST 60009038, value: 45080000, resp: 00
             8194258=> AXI4LITE_READ_BURST 60009038, value: 45080000, resp: 00
             8194258=> Fpga2Soc_Write PL_UPDMA offset 038 = 45080000, PASS
             8194258