INFO: [SIM 2] *************** CSIM start ***************
INFO: [SIM 4] CSIM will launch GCC as the compiler.
   Compiling ../../../userdma_test.cpp in debug mode
   Compiling ../../../userdma.cpp in debug mode
   Generating csim.exe
before-phase s2m_buf_sts is 0
Prepare data stream
before-phase m2s_buf_sts is 0
Call S2MM/MM2S design

after-phase s2m_buf_sts is 1
after-phase m2s_buf_sts is 1

s2m_err: 0
S2M data
out_b, address: 83fb30
83fb30 83fb34 83fb38 83fb3c 83fb40 83fb44 83fb48 83fb4c 83fb50 83fb54 83fb58 83fb5c 83fb60 83fb64 83fb68 83fb6c 83fb70 83fb74 83fb78 83fb7c 83fb80 83fb84 83fb88 83fb8c 83fb90 83fb94 83fb98 83fb9c 83fba0 83fba4 83fba8 83fbac 
83fbb0 83fbb4 83fbb8 83fbbc 83fbc0 83fbc4 83fbc8 83fbcc 83fbd0 83fbd4 83fbd8 83fbdc 83fbe0 83fbe4 83fbe8 83fbec 83fbf0 83fbf4 83fbf8 83fbfc 83fc00 83fc04 83fc08 83fc0c 83fc10 83fc14 83fc18 83fc1c 83fc20 83fc24 83fc28 83fc2c 

M2S data

8648960 8648960 8648960 8648960 8648960 8648960 8648960 8648960 8648960 8648960 8648960 8648960 8648960 8648960 8648960 8648960 8648960 8648960 8648960 8648960 8648960 8648960 8648960 8648960 8648960 8648960 8648960 8648960 8648960 8648960 8648960 8648960 
8648960 8648960 8648960 8648960 8648960 8648960 8648960 8648960 8648960 8648960 8648960 8648960 8648960 8648960 8648960 8648960 8648960 8648960 8648960 8648960 8648960 8648960 8648960 8648960 8648960 8648960 8648960 8648960 8648960 8648960 8648960 8648960 

m2s_sof_err-->0 
m2s_sof_err-->0 
clear s2m_buf_sts -> 0
clear m2s_buf_sts -> 0
s2m_err: 0

WARNING: Hls::stream 'hls::stream<hls::axis<ap_uint<32>, 7ull, 0ull, 0ull>, 0>0' contains leftover data, which may result in RTL simulation hanging.
INFO: [SIM 1] CSim done with 0 errors.
INFO: [SIM 3] *************** CSIM finish ***************
