

================================================================
== Synthesis Summary Report of 'userdma'
================================================================
+ General Information: 
    * Date:           Sat May 11 22:35:42 2024
    * Version:        2021.2 (Build 3367213 on Tue Oct 19 02:48:09 MDT 2021)
    * Project:        UserDMA
    * Solution:       solution1 (Vivado IP Flow Target)
    * Product family: zynq
    * Target device:  xc7z020-clg400-2
    

+ Performance & Resource Estimates: 
    
    PS: '+' for module; 'o' for loop; '*' for dataflow
    +----------------------------------------------------------+--------+-------+---------+--------+----------+---------+------+----------+---------+----+-----------+-----------+-----+
    |                          Modules                         |  Issue |       | Latency | Latency| Iteration|         | Trip |          |         |    |           |           |     |
    |                          & Loops                         |  Type  | Slack | (cycles)|  (ns)  |  Latency | Interval| Count| Pipelined|  BRAM   | DSP|     FF    |    LUT    | URAM|
    +----------------------------------------------------------+--------+-------+---------+--------+----------+---------+------+----------+---------+----+-----------+-----------+-----+
    |+ userdma*                                                |  Timing|  -0.00|        -|       -|         -|        -|     -|  dataflow|  17 (6%)|   -|  4332 (4%)|  4444 (8%)|    -|
    | + entry_proc                                             |       -|   3.90|        0|   0.000|         -|        0|     -|        no|        -|   -|    3 (~0%)|   46 (~0%)|    -|
    | + getinstream                                            |       -|   0.77|        -|       -|         -|        -|     -|        no|        -|   -|  244 (~0%)|  470 (~0%)|    -|
    |  + getinstream_Pipeline_VITIS_LOOP_48_1                  |       -|   2.14|        -|       -|         -|        -|     -|        no|        -|   -|  140 (~0%)|  240 (~0%)|    -|
    |   o VITIS_LOOP_48_1                                      |       -|   7.30|        -|       -|         2|        1|     -|       yes|        -|   -|          -|          -|    -|
    | + paralleltostreamwithburst                              |  Timing|  -0.00|        -|       -|         -|        -|     -|        no|        -|   -|  813 (~0%)|   769 (1%)|    -|
    |  o VITIS_LOOP_98_1                                       |       -|   7.30|        -|       -|         -|        -|     -|        no|        -|   -|          -|          -|    -|
    |   + paralleltostreamwithburst_Pipeline_VITIS_LOOP_106_2  |  Timing|  -0.00|        -|       -|         -|        -|     -|        no|        -|   -|  488 (~0%)|  409 (~0%)|    -|
    |    o VITIS_LOOP_106_2                                    |       -|   7.30|        -|       -|        19|        1|     -|       yes|        -|   -|          -|          -|    -|
    | + streamtoparallelwithburst                              |  Timing|  -0.00|        -|       -|         -|        -|     -|        no|        -|   -|  587 (~0%)|   536 (1%)|    -|
    |  o VITIS_LOOP_20_1                                       |       -|   7.30|        -|       -|         -|        -|     -|        no|        -|   -|          -|          -|    -|
    |   + streamtoparallelwithburst_Pipeline_VITIS_LOOP_23_2   |  Timing|  -0.00|        -|       -|         -|        -|     -|        no|        -|   -|  258 (~0%)|  166 (~0%)|    -|
    |    o VITIS_LOOP_23_2                                     |       -|   7.30|        -|       -|        17|        1|     -|       yes|        -|   -|          -|          -|    -|
    | + sendoutstream                                          |       -|   3.10|        -|       -|         -|        -|     -|        no|        -|   -|   82 (~0%)|  206 (~0%)|    -|
    |  o VITIS_LOOP_147_1                                      |       -|   7.30|        -|       -|         -|        -|     -|        no|        -|   -|          -|          -|    -|
    |   + sendoutstream_Pipeline_VITIS_LOOP_149_2              |       -|   3.88|        -|       -|         -|        -|     -|        no|        -|   -|   39 (~0%)|  121 (~0%)|    -|
    |    o VITIS_LOOP_149_2                                    |       -|   7.30|        -|       -|         2|        1|     -|       yes|        -|   -|          -|          -|    -|
    +----------------------------------------------------------+--------+-------+---------+--------+----------+---------+------+----------+---------+----+-----------+-----------+-----+


================================================================
== HW Interfaces
================================================================
* M_AXI
+-------------+------------+---------------+---------+--------+----------+-----------+--------------+--------------+-------------+-------------+-------------------+
| Interface   | Data Width | Address Width | Latency | Offset | Register | Max Widen | Max Read     | Max Write    | Num Read    | Num Write   | Resource Estimate |
|             | (SW->HW)   |               |         |        |          | Bitwidth  | Burst Length | Burst Length | Outstanding | Outstanding |                   |
+-------------+------------+---------------+---------+--------+----------+-----------+--------------+--------------+-------------+-------------+-------------------+
| m_axi_gmem0 | 32 -> 32   | 64            | 10      | slave  | 0        | 0         | 16           | 64           | 16          | 16          | BRAM=4            |
| m_axi_gmem1 | 32 -> 32   | 64            | 10      | slave  | 0        | 0         | 16           | 64           | 16          | 16          | BRAM=4            |
+-------------+------------+---------------+---------+--------+----------+-----------+--------------+--------------+-------------+-------------+-------------------+

* S_AXILITE Interfaces
+---------------+------------+---------------+--------+----------+
| Interface     | Data Width | Address Width | Offset | Register |
+---------------+------------+---------------+--------+----------+
| s_axi_control | 32         | 8             | 16     | 0        |
+---------------+------------+---------------+--------+----------+

* S_AXILITE Registers
+---------------+------------------+--------+-------+--------+----------------------------------+----------------------------------------------------------+
| Interface     | Register         | Offset | Width | Access | Description                      | Bit Fields                                               |
+---------------+------------------+--------+-------+--------+----------------------------------+----------------------------------------------------------+
| s_axi_control | CTRL             | 0x00   | 32    | RW     | Control signals                  | 0=AP_START 1=AP_DONE 2=AP_IDLE 3=AP_READY 7=AUTO_RESTART |
| s_axi_control | GIER             | 0x04   | 32    | RW     | Global Interrupt Enable Register | 0=Enable                                                 |
| s_axi_control | IP_IER           | 0x08   | 32    | RW     | IP Interrupt Enable Register     | 0=CHAN0_INT_EN 1=CHAN1_INT_EN 5=CHAN2_INT_EN             |
| s_axi_control | IP_ISR           | 0x0c   | 32    | RW     | IP Interrupt Status Register     | 0=CHAN0_INT_ST 1=CHAN1_INT_ST 5=CHAN2_INT_ST             |
| s_axi_control | s2m_buf_sts      | 0x10   | 32    | R      | Data signal of s2m_buf_sts       |                                                          |
| s_axi_control | s2m_buf_sts_ctrl | 0x14   | 32    | R      | Control signal of s2m_buf_sts    | 0=s2m_buf_sts_ap_vld                                     |
| s_axi_control | s2m_sts_clear    | 0x20   | 32    | W      | Data signal of s2m_sts_clear     |                                                          |
| s_axi_control | s2m_len          | 0x28   | 32    | W      | Data signal of s2m_len           |                                                          |
| s_axi_control | s2m_enb_clrsts   | 0x30   | 32    | W      | Data signal of s2m_enb_clrsts    |                                                          |
| s_axi_control | s2mbuf_1         | 0x38   | 32    | W      | Data signal of s2mbuf            |                                                          |
| s_axi_control | s2mbuf_2         | 0x3c   | 32    | W      | Data signal of s2mbuf            |                                                          |
| s_axi_control | s2m_err          | 0x44   | 32    | R      | Data signal of s2m_err           |                                                          |
| s_axi_control | s2m_err_ctrl     | 0x48   | 32    | R      | Control signal of s2m_err        | 0=s2m_err_ap_vld                                         |
| s_axi_control | Img_width        | 0x54   | 32    | W      | Data signal of Img_width         |                                                          |
| s_axi_control | m2sbuf_1         | 0x5c   | 32    | W      | Data signal of m2sbuf            |                                                          |
| s_axi_control | m2sbuf_2         | 0x60   | 32    | W      | Data signal of m2sbuf            |                                                          |
| s_axi_control | m2s_buf_sts      | 0x68   | 32    | R      | Data signal of m2s_buf_sts       |                                                          |
| s_axi_control | m2s_buf_sts_ctrl | 0x6c   | 32    | R      | Control signal of m2s_buf_sts    | 0=m2s_buf_sts_ap_vld                                     |
| s_axi_control | m2s_sts_clear    | 0x78   | 32    | W      | Data signal of m2s_sts_clear     |                                                          |
| s_axi_control | m2s_len          | 0x80   | 32    | W      | Data signal of m2s_len           |                                                          |
| s_axi_control | m2s_enb_clrsts   | 0x88   | 32    | W      | Data signal of m2s_enb_clrsts    |                                                          |
+---------------+------------------+--------+-------+--------+----------------------------------+----------------------------------------------------------+

* AXIS
+--------------+---------------+-------+-------+-------+--------+-------+-------+--------+
| Interface    | Register Mode | TDATA | TKEEP | TLAST | TREADY | TSTRB | TUSER | TVALID |
+--------------+---------------+-------+-------+-------+--------+-------+-------+--------+
| inStreamTop  | both          | 32    | 4     | 1     | 1      | 4     | 7     | 1      |
| outStreamTop | both          | 32    | 4     | 1     | 1      | 4     | 7     | 1      |
+--------------+---------------+-------+-------+-------+--------+-------+-------+--------+

* TOP LEVEL CONTROL
+-----------+------------+-----------+
| Interface | Type       | Ports     |
+-----------+------------+-----------+
| ap_clk    | clock      | ap_clk    |
| ap_rst_n  | reset      | ap_rst_n  |
| interrupt | interrupt  | interrupt |
| ap_ctrl   | ap_ctrl_hs |           |
+-----------+------------+-----------+


================================================================
== SW I/O Information
================================================================
* Top Function Arguments
+----------------+-----------+---------------------------------------------+
| Argument       | Direction | Datatype                                    |
+----------------+-----------+---------------------------------------------+
| inStreamTop    | in        | stream<hls::axis<ap_uint<32>, 7, 0, 0>, 0>& |
| s2m_buf_sts    | out       | bool*                                       |
| s2m_sts_clear  | in        | bool                                        |
| s2m_len        | in        | ap_uint<32>                                 |
| s2m_enb_clrsts | in        | ap_uint<1>                                  |
| s2mbuf         | out       | ap_uint<32>*                                |
| s2m_err        | out       | bool*                                       |
| Img_width      | in        | ap_uint<32>                                 |
| m2sbuf         | in        | ap_uint<32>*                                |
| m2s_buf_sts    | out       | bool*                                       |
| m2s_sts_clear  | in        | bool                                        |
| m2s_len        | in        | int                                         |
| m2s_enb_clrsts | in        | ap_uint<1>                                  |
| outStreamTop   | out       | stream<hls::axis<ap_uint<32>, 7, 0, 0>, 0>& |
+----------------+-----------+---------------------------------------------+

* SW-to-HW Mapping
+----------------+---------------+-----------+----------+--------------------------------------------+
| Argument       | HW Interface  | HW Type   | HW Usage | HW Info                                    |
+----------------+---------------+-----------+----------+--------------------------------------------+
| inStreamTop    | inStreamTop   | interface |          |                                            |
| s2m_buf_sts    | s_axi_control | register  |          | name=s2m_buf_sts offset=0x10 range=32      |
| s2m_buf_sts    | s_axi_control | register  |          | name=s2m_buf_sts_ctrl offset=0x14 range=32 |
| s2m_sts_clear  | s_axi_control | register  |          | name=s2m_sts_clear offset=0x20 range=32    |
| s2m_len        | s_axi_control | register  |          | name=s2m_len offset=0x28 range=32          |
| s2m_enb_clrsts | s_axi_control | register  |          | name=s2m_enb_clrsts offset=0x30 range=32   |
| s2mbuf         | m_axi_gmem0   | interface |          |                                            |
| s2mbuf         | s_axi_control | register  | offset   | name=s2mbuf_1 offset=0x38 range=32         |
| s2mbuf         | s_axi_control | register  | offset   | name=s2mbuf_2 offset=0x3c range=32         |
| s2m_err        | s_axi_control | register  |          | name=s2m_err offset=0x44 range=32          |
| s2m_err        | s_axi_control | register  |          | name=s2m_err_ctrl offset=0x48 range=32     |
| Img_width      | s_axi_control | register  |          | name=Img_width offset=0x54 range=32        |
| m2sbuf         | m_axi_gmem1   | interface |          |                                            |
| m2sbuf         | s_axi_control | register  | offset   | name=m2sbuf_1 offset=0x5c range=32         |
| m2sbuf         | s_axi_control | register  | offset   | name=m2sbuf_2 offset=0x60 range=32         |
| m2s_buf_sts    | s_axi_control | register  |          | name=m2s_buf_sts offset=0x68 range=32      |
| m2s_buf_sts    | s_axi_control | register  |          | name=m2s_buf_sts_ctrl offset=0x6c range=32 |
| m2s_sts_clear  | s_axi_control | register  |          | name=m2s_sts_clear offset=0x78 range=32    |
| m2s_len        | s_axi_control | interface |          |                                            |
| m2s_enb_clrsts | s_axi_control | register  |          | name=m2s_enb_clrsts offset=0x88 range=32   |
| outStreamTop   | outStreamTop  | interface |          |                                            |
+----------------+---------------+-----------+----------+--------------------------------------------+


================================================================
== M_AXI Burst Information
================================================================
 Note: All burst requests might be further partitioned into multiple requests during RTL generation based on max_read_burst_length or max_write_burst_length settings.

* Inferred Burst Summary
+--------------+------------------+-----------+----------+-------+----------------------------+
| HW Interface | Loop             | Direction | Length   | Width | Location                   |
+--------------+------------------+-----------+----------+-------+----------------------------+
| m_axi_gmem0  | VITIS_LOOP_23_2  | write     | variable | 32    | UserDMA/userdma.cpp:23:22  |
| m_axi_gmem1  | VITIS_LOOP_106_2 | read      | variable | 32    | UserDMA/userdma.cpp:106:23 |
+--------------+------------------+-----------+----------+-------+----------------------------+

* Inferred Bursts and Widening Missed
+--------------+------------+-------------------------------------------------------------------------------------------------------------------+----------------------------+
| HW Interface | Variable   | Problem                                                                                                           | Location                   |
+--------------+------------+-------------------------------------------------------------------------------------------------------------------+----------------------------+
| m_axi_gmem0  | out_memory | Could not widen since the size of type 'i32' is greater than or equal to the max_widen_bitwidth threshold of '0'. | UserDMA/userdma.cpp:23:22  |
| m_axi_gmem1  | in_memory  | Could not widen since the size of type 'i32' is greater than or equal to the max_widen_bitwidth threshold of '0'. | UserDMA/userdma.cpp:106:23 |
+--------------+------------+-------------------------------------------------------------------------------------------------------------------+----------------------------+


================================================================
== Bind Op Report
================================================================
+---------------------------------------------------------+-----+--------+-----------+-----+--------+---------+
| Name                                                    | DSP | Pragma | Variable  | Op  | Impl   | Latency |
+---------------------------------------------------------+-----+--------+-----------+-----+--------+---------+
| + userdma                                               | 0   |        |           |     |        |         |
|  + getinstream                                          | 0   |        |           |     |        |         |
|    sub_i_i38_fu_160_p2                                  | -   |        | sub_i_i38 | add | fabric | 0       |
|    add_ln48_fu_172_p2                                   | -   |        | add_ln48  | add | fabric | 0       |
|   + getinstream_Pipeline_VITIS_LOOP_48_1                | 0   |        |           |     |        |         |
|     add_ln67_fu_194_p2                                  | -   |        | add_ln67  | add | fabric | 0       |
|     count_4_fu_214_p2                                   | -   |        | count_4   | add | fabric | 0       |
|     add_ln885_fu_220_p2                                 | -   |        | add_ln885 | add | fabric | 0       |
|  + paralleltostreamwithburst                            | 0   |        |           |     |        |         |
|    sub_i_i_fu_193_p2                                    | -   |        | sub_i_i   | add | fabric | 0       |
|    sub_fu_230_p2                                        | -   |        | sub       | add | fabric | 0       |
|    add_ln106_fu_249_p2                                  | -   |        | add_ln106 | add | fabric | 0       |
|    add_ln129_fu_269_p2                                  | -   |        | add_ln129 | add | fabric | 0       |
|   + paralleltostreamwithburst_Pipeline_VITIS_LOOP_106_2 | 0   |        |           |     |        |         |
|     add_ln106_fu_188_p2                                 | -   |        | add_ln106 | add | fabric | 0       |
|     add_ln122_fu_236_p2                                 | -   |        | add_ln122 | add | fabric | 0       |
|     add_ln126_fu_256_p2                                 | -   |        | add_ln126 | add | fabric | 0       |
|  + streamtoparallelwithburst                            | 0   |        |           |     |        |         |
|    add_ln23_fu_193_p2                                   | -   |        | add_ln23  | add | fabric | 0       |
|    add_ln28_fu_211_p2                                   | -   |        | add_ln28  | add | fabric | 0       |
|    add_ln885_fu_221_p2                                  | -   |        | add_ln885 | add | fabric | 0       |
|   + streamtoparallelwithburst_Pipeline_VITIS_LOOP_23_2  | 0   |        |           |     |        |         |
|     add_ln23_fu_149_p2                                  | -   |        | add_ln23  | add | fabric | 0       |
|  + sendoutstream                                        | 0   |        |           |     |        |         |
|   + sendoutstream_Pipeline_VITIS_LOOP_149_2             | 0   |        |           |     |        |         |
|     add_ln149_fu_144_p2                                 | -   |        | add_ln149 | add | fabric | 0       |
+---------------------------------------------------------+-----+--------+-----------+-----+--------+---------+


================================================================
== Bind Storage Report
================================================================
+----------------------+------+------+--------+------------------+---------+--------+---------+
| Name                 | BRAM | URAM | Pragma | Variable         | Storage | Impl   | Latency |
+----------------------+------+------+--------+------------------+---------+--------+---------+
| + userdma            | 17   | 0    |        |                  |         |        |         |
|   m2s_enb_clrsts_c_U | -    | -    |        | m2s_enb_clrsts_c | fifo    | srl    | 0       |
|   m2s_sts_clear_c_U  | -    | -    |        | m2s_sts_clear_c  | fifo    | srl    | 0       |
|   s2mbuf_c_U         | -    | -    |        | s2mbuf_c         | fifo    | srl    | 0       |
|   s2m_enb_clrsts_c_U | -    | -    |        | s2m_enb_clrsts_c | fifo    | srl    | 0       |
|   s2m_len_c_U        | -    | -    |        | s2m_len_c        | fifo    | srl    | 0       |
|   s2m_sts_clear_c_U  | -    | -    |        | s2m_sts_clear_c  | fifo    | srl    | 0       |
|   inbuf_U            | 2    | -    |        | inbuf            | fifo    | memory | 0       |
|   incount_U          | 2    | -    |        | incount          | fifo    | memory | 0       |
|   outbuf_U           | 3    | -    |        | outbuf           | fifo    | memory | 0       |
|   outcount_U         | 2    | -    |        | outcount         | fifo    | memory | 0       |
+----------------------+------+------+--------+------------------+---------+--------+---------+


================================================================
== User Pragma Report
================================================================
* Valid Pragma Syntax
+-----------+-----------------------------------------------------------------------------------------------+------------------------------------------------------+
| Type      | Options                                                                                       | Location                                             |
+-----------+-----------------------------------------------------------------------------------------------+------------------------------------------------------+
| pipeline  |                                                                                               | UserDMA/userdma.cpp:24 in streamtoparallelwithburst  |
| pipeline  |                                                                                               | UserDMA/userdma.cpp:49 in getinstream                |
| pipeline  |                                                                                               | UserDMA/userdma.cpp:107 in paralleltostreamwithburst |
| pipeline  |                                                                                               | UserDMA/userdma.cpp:150 in sendoutstream             |
| interface | axis register_mode=both register port=inStreamTop                                             | UserDMA/userdma.cpp:178 in userdma, inStreamTop      |
| interface | m_axi max_write_burst_length=64 latency=10 depth=1024 bundle=gmem0 port=s2mbuf offset = slave | UserDMA/userdma.cpp:179 in userdma, s2mbuf           |
| interface | s_axilite port = s2m_buf_sts bundle = control                                                 | UserDMA/userdma.cpp:180 in userdma                   |
| interface | s_axilite port = s2m_sts_clear bundle = control                                               | UserDMA/userdma.cpp:181 in userdma                   |
| interface | s_axilite port = s2m_len bundle = control                                                     | UserDMA/userdma.cpp:182 in userdma                   |
| interface | s_axilite port = s2m_enb_clrsts bundle = control                                              | UserDMA/userdma.cpp:183 in userdma                   |
| interface | s_axilite port = s2mbuf bundle = control                                                      | UserDMA/userdma.cpp:184 in userdma                   |
| interface | s_axilite port = s2m_err bundle = control                                                     | UserDMA/userdma.cpp:185 in userdma                   |
| interface | s_axilite port = Img_width bundle = control                                                   | UserDMA/userdma.cpp:186 in userdma                   |
| interface | axis register_mode=both register port=outStreamTop                                            | UserDMA/userdma.cpp:187 in userdma, outStreamTop     |
| interface | m_axi max_write_burst_length=64 latency=10 depth=1024 bundle=gmem1 port=m2sbuf offset = slave | UserDMA/userdma.cpp:188 in userdma, m2sbuf           |
| interface | s_axilite port = m2s_buf_sts bundle = control                                                 | UserDMA/userdma.cpp:189 in userdma                   |
| interface | s_axilite port = m2s_sts_clear bundle = control                                               | UserDMA/userdma.cpp:190 in userdma                   |
| interface | s_axilite port = m2s_len bundle = control                                                     | UserDMA/userdma.cpp:191 in userdma                   |
| interface | s_axilite port = m2s_enb_clrsts bundle = control                                              | UserDMA/userdma.cpp:192 in userdma                   |
| interface | s_axilite port = m2sbuf bundle = control                                                      | UserDMA/userdma.cpp:193 in userdma                   |
| interface | s_axilite port = return bundle = control                                                      | UserDMA/userdma.cpp:194 in userdma                   |
| dataflow  |                                                                                               | UserDMA/userdma.cpp:196 in userdma                   |
+-----------+-----------------------------------------------------------------------------------------------+------------------------------------------------------+


