

================================================================
== Vitis HLS Report for 'paralleltostreamwithburst_Pipeline_VITIS_LOOP_106_2'
================================================================
* Date:           Sat May 11 22:35:41 2024

* Version:        2021.2 (Build 3367213 on Tue Oct 19 02:48:09 MDT 2021)
* Project:        UserDMA
* Solution:       solution1 (Vivado IP Flow Target)
* Product family: zynq
* Target device:  xc7z020-clg400-2


================================================================
== Performance Estimates
================================================================
+ Timing: 
    * Summary: 
    +--------+----------+----------+------------+
    |  Clock |  Target  | Estimated| Uncertainty|
    +--------+----------+----------+------------+
    |ap_clk  |  10.00 ns|  7.300 ns|     2.70 ns|
    +--------+----------+----------+------------+

+ Latency: 
    * Summary: 
    +---------+---------+----------+----------+-----+-----+---------+
    |  Latency (cycles) |  Latency (absolute) |  Interval | Pipeline|
    |   min   |   max   |    min   |    max   | min | max |   Type  |
    +---------+---------+----------+----------+-----+-----+---------+
    |       20|        ?|  0.200 us|         ?|   20|    ?|       no|
    +---------+---------+----------+----------+-----+-----+---------+

    + Detail: 
        * Instance: 
        N/A

        * Loop: 
        +--------------------+---------+---------+----------+-----------+-----------+-------+----------+
        |                    |  Latency (cycles) | Iteration|  Initiation Interval  |  Trip |          |
        |      Loop Name     |   min   |   max   |  Latency |  achieved |   target  | Count | Pipelined|
        +--------------------+---------+---------+----------+-----------+-----------+-------+----------+
        |- VITIS_LOOP_106_2  |       18|        ?|        19|          1|          1|  1 ~ ?|       yes|
        +--------------------+---------+---------+----------+-----------+-----------+-------+----------+



================================================================
== Utilization Estimates
================================================================
* Summary: 
+-----------------+---------+-----+--------+-------+-----+
|       Name      | BRAM_18K| DSP |   FF   |  LUT  | URAM|
+-----------------+---------+-----+--------+-------+-----+
|DSP              |        -|    -|       -|      -|    -|
|Expression       |        -|    -|       0|    209|    -|
|FIFO             |        -|    -|       -|      -|    -|
|Instance         |        -|    -|       -|      -|    -|
|Memory           |        -|    -|       -|      -|    -|
|Multiplexer      |        -|    -|       -|     72|    -|
|Register         |        -|    -|     488|    128|    -|
+-----------------+---------+-----+--------+-------+-----+
|Total            |        0|    0|     488|    409|    0|
+-----------------+---------+-----+--------+-------+-----+
|Available        |      280|  220|  106400|  53200|    0|
+-----------------+---------+-----+--------+-------+-----+
|Utilization (%)  |        0|    0|      ~0|     ~0|    0|
+-----------------+---------+-----+--------+-------+-----+

+ Detail: 
    * Instance: 
    N/A

    * DSP: 
    N/A

    * Memory: 
    N/A

    * FIFO: 
    N/A

    * Expression: 
    +------------------------------------+----------+----+---+----+------------+------------+
    |            Variable Name           | Operation| DSP| FF| LUT| Bitwidth P0| Bitwidth P1|
    +------------------------------------+----------+----+---+----+------------+------------+
    |add_ln106_fu_188_p2                 |         +|   0|  0|  31|          31|           1|
    |add_ln122_fu_236_p2                 |         +|   0|  0|  32|          32|           1|
    |add_ln126_fu_256_p2                 |         +|   0|  0|  32|          32|           2|
    |ap_block_state18_pp0_stage0_iter17  |       and|   0|  0|   1|           1|           1|
    |ap_block_state19_pp0_stage0_iter18  |       and|   0|  0|   1|           1|           1|
    |ap_block_state2_io                  |       and|   0|  0|   1|           1|           1|
    |ap_condition_553                    |       and|   0|  0|   1|           1|           1|
    |ap_predicate_op58_readreq_state2    |       and|   0|  0|   1|           1|           1|
    |out_val_last_V_fu_210_p2            |       and|   0|  0|   1|           1|           1|
    |icmp_ln1064_fu_230_p2               |      icmp|   0|  0|  12|          33|          33|
    |icmp_ln106_fu_182_p2                |      icmp|   0|  0|  11|          31|          31|
    |icmp_ln110_1_fu_204_p2              |      icmp|   0|  0|  11|          31|          31|
    |icmp_ln110_fu_198_p2                |      icmp|   0|  0|  12|          32|           5|
    |icmp_ln115_fu_216_p2                |      icmp|   0|  0|  12|          32|          32|
    |ap_block_pp0_stage0_01001           |        or|   0|  0|   1|           1|           1|
    |ap_block_pp0_stage0_11001           |        or|   0|  0|   1|           1|           1|
    |select_ln1064_1_fu_305_p3           |    select|   0|  0|   7|           1|           7|
    |select_ln1064_fu_242_p3             |    select|   0|  0|  32|           1|           1|
    |select_ln118_1_fu_286_p3            |    select|   0|  0|   3|           1|           3|
    |select_ln118_fu_279_p3              |    select|   0|  0|   4|           1|           4|
    |ap_enable_pp0                       |       xor|   0|  0|   2|           1|           2|
    +------------------------------------+----------+----+---+----+------------+------------+
    |Total                               |          |   0|  0| 209|         267|         161|
    +------------------------------------+----------+----+---+----+------------+------------+

    * Multiplexer: 
    +-------------------------+----+-----------+-----+-----------+
    |           Name          | LUT| Input Size| Bits| Total Bits|
    +-------------------------+----+-----------+-----+-----------+
    |ap_done_int              |   9|          2|    1|          2|
    |ap_enable_reg_pp0_iter2  |   9|          2|    1|          2|
    |ap_sig_allocacmp_i_2     |   9|          2|   31|         62|
    |gmem1_blk_n_AR           |   9|          2|    1|          2|
    |gmem1_blk_n_R            |   9|          2|    1|          2|
    |i_fu_96                  |   9|          2|   31|         62|
    |m2s_len_o                |   9|          2|   32|         64|
    |outbuf_blk_n             |   9|          2|    1|          2|
    +-------------------------+----+-----------+-----+-----------+
    |Total                    |  72|         16|   99|        198|
    +-------------------------+----+-----------+-----+-----------+

    * Register: 
    +-----------------------------------+----+----+-----+-----------+
    |                Name               | FF | LUT| Bits| Const Bits|
    +-----------------------------------+----+----+-----+-----------+
    |Img_width_count                    |  32|   0|   32|          0|
    |ap_CS_fsm                          |   1|   0|    1|          0|
    |ap_done_reg                        |   1|   0|    1|          0|
    |ap_enable_reg_pp0_iter1            |   1|   0|    1|          0|
    |ap_enable_reg_pp0_iter10           |   1|   0|    1|          0|
    |ap_enable_reg_pp0_iter11           |   1|   0|    1|          0|
    |ap_enable_reg_pp0_iter12           |   1|   0|    1|          0|
    |ap_enable_reg_pp0_iter13           |   1|   0|    1|          0|
    |ap_enable_reg_pp0_iter14           |   1|   0|    1|          0|
    |ap_enable_reg_pp0_iter15           |   1|   0|    1|          0|
    |ap_enable_reg_pp0_iter16           |   1|   0|    1|          0|
    |ap_enable_reg_pp0_iter17           |   1|   0|    1|          0|
    |ap_enable_reg_pp0_iter18           |   1|   0|    1|          0|
    |ap_enable_reg_pp0_iter2            |   1|   0|    1|          0|
    |ap_enable_reg_pp0_iter3            |   1|   0|    1|          0|
    |ap_enable_reg_pp0_iter4            |   1|   0|    1|          0|
    |ap_enable_reg_pp0_iter5            |   1|   0|    1|          0|
    |ap_enable_reg_pp0_iter6            |   1|   0|    1|          0|
    |ap_enable_reg_pp0_iter7            |   1|   0|    1|          0|
    |ap_enable_reg_pp0_iter8            |   1|   0|    1|          0|
    |ap_enable_reg_pp0_iter9            |   1|   0|    1|          0|
    |ap_loop_exit_ready_pp0_iter10_reg  |   1|   0|    1|          0|
    |ap_loop_exit_ready_pp0_iter11_reg  |   1|   0|    1|          0|
    |ap_loop_exit_ready_pp0_iter12_reg  |   1|   0|    1|          0|
    |ap_loop_exit_ready_pp0_iter13_reg  |   1|   0|    1|          0|
    |ap_loop_exit_ready_pp0_iter14_reg  |   1|   0|    1|          0|
    |ap_loop_exit_ready_pp0_iter15_reg  |   1|   0|    1|          0|
    |ap_loop_exit_ready_pp0_iter16_reg  |   1|   0|    1|          0|
    |ap_loop_exit_ready_pp0_iter17_reg  |   1|   0|    1|          0|
    |ap_loop_exit_ready_pp0_iter1_reg   |   1|   0|    1|          0|
    |ap_loop_exit_ready_pp0_iter2_reg   |   1|   0|    1|          0|
    |ap_loop_exit_ready_pp0_iter3_reg   |   1|   0|    1|          0|
    |ap_loop_exit_ready_pp0_iter4_reg   |   1|   0|    1|          0|
    |ap_loop_exit_ready_pp0_iter5_reg   |   1|   0|    1|          0|
    |ap_loop_exit_ready_pp0_iter6_reg   |   1|   0|    1|          0|
    |ap_loop_exit_ready_pp0_iter7_reg   |   1|   0|    1|          0|
    |ap_loop_exit_ready_pp0_iter8_reg   |   1|   0|    1|          0|
    |ap_loop_exit_ready_pp0_iter9_reg   |   1|   0|    1|          0|
    |count_1_cast_reg_328               |  31|   0|   32|          1|
    |first_itr_reg_154                  |   1|   0|    1|          0|
    |i_fu_96                            |  31|   0|   31|          0|
    |icmp_ln1064_reg_353                |   1|   0|    1|          0|
    |icmp_ln106_reg_338                 |   1|   0|    1|          0|
    |icmp_ln115_reg_347                 |   1|   0|    1|          0|
    |out_val_data_filed_V_reg_364       |  32|   0|   32|          0|
    |out_val_last_V_reg_342             |   1|   0|    1|          0|
    |sext_ln106_cast_reg_333            |  64|   0|   64|          0|
    |icmp_ln1064_reg_353                |  64|  32|    1|          0|
    |icmp_ln106_reg_338                 |  64|  32|    1|          0|
    |icmp_ln115_reg_347                 |  64|  32|    1|          0|
    |out_val_last_V_reg_342             |  64|  32|    1|          0|
    +-----------------------------------+----+----+-----+-----------+
    |Total                              | 488| 128|  237|          1|
    +-----------------------------------+----+----+-----+-----------+



================================================================
== Interface
================================================================
* Summary: 
+----------------------+-----+-----+------------+-----------------------------------------------------+--------------+
|       RTL Ports      | Dir | Bits|  Protocol  |                    Source Object                    |    C Type    |
+----------------------+-----+-----+------------+-----------------------------------------------------+--------------+
|ap_clk                |   in|    1|  ap_ctrl_hs|  paralleltostreamwithburst_Pipeline_VITIS_LOOP_106_2|  return value|
|ap_rst                |   in|    1|  ap_ctrl_hs|  paralleltostreamwithburst_Pipeline_VITIS_LOOP_106_2|  return value|
|ap_start              |   in|    1|  ap_ctrl_hs|  paralleltostreamwithburst_Pipeline_VITIS_LOOP_106_2|  return value|
|ap_done               |  out|    1|  ap_ctrl_hs|  paralleltostreamwithburst_Pipeline_VITIS_LOOP_106_2|  return value|
|ap_idle               |  out|    1|  ap_ctrl_hs|  paralleltostreamwithburst_Pipeline_VITIS_LOOP_106_2|  return value|
|ap_ready              |  out|    1|  ap_ctrl_hs|  paralleltostreamwithburst_Pipeline_VITIS_LOOP_106_2|  return value|
|m_axi_gmem1_AWVALID   |  out|    1|       m_axi|                                                gmem1|       pointer|
|m_axi_gmem1_AWREADY   |   in|    1|       m_axi|                                                gmem1|       pointer|
|m_axi_gmem1_AWADDR    |  out|   64|       m_axi|                                                gmem1|       pointer|
|m_axi_gmem1_AWID      |  out|    1|       m_axi|                                                gmem1|       pointer|
|m_axi_gmem1_AWLEN     |  out|   32|       m_axi|                                                gmem1|       pointer|
|m_axi_gmem1_AWSIZE    |  out|    3|       m_axi|                                                gmem1|       pointer|
|m_axi_gmem1_AWBURST   |  out|    2|       m_axi|                                                gmem1|       pointer|
|m_axi_gmem1_AWLOCK    |  out|    2|       m_axi|                                                gmem1|       pointer|
|m_axi_gmem1_AWCACHE   |  out|    4|       m_axi|                                                gmem1|       pointer|
|m_axi_gmem1_AWPROT    |  out|    3|       m_axi|                                                gmem1|       pointer|
|m_axi_gmem1_AWQOS     |  out|    4|       m_axi|                                                gmem1|       pointer|
|m_axi_gmem1_AWREGION  |  out|    4|       m_axi|                                                gmem1|       pointer|
|m_axi_gmem1_AWUSER    |  out|    1|       m_axi|                                                gmem1|       pointer|
|m_axi_gmem1_WVALID    |  out|    1|       m_axi|                                                gmem1|       pointer|
|m_axi_gmem1_WREADY    |   in|    1|       m_axi|                                                gmem1|       pointer|
|m_axi_gmem1_WDATA     |  out|   32|       m_axi|                                                gmem1|       pointer|
|m_axi_gmem1_WSTRB     |  out|    4|       m_axi|                                                gmem1|       pointer|
|m_axi_gmem1_WLAST     |  out|    1|       m_axi|                                                gmem1|       pointer|
|m_axi_gmem1_WID       |  out|    1|       m_axi|                                                gmem1|       pointer|
|m_axi_gmem1_WUSER     |  out|    1|       m_axi|                                                gmem1|       pointer|
|m_axi_gmem1_ARVALID   |  out|    1|       m_axi|                                                gmem1|       pointer|
|m_axi_gmem1_ARREADY   |   in|    1|       m_axi|                                                gmem1|       pointer|
|m_axi_gmem1_ARADDR    |  out|   64|       m_axi|                                                gmem1|       pointer|
|m_axi_gmem1_ARID      |  out|    1|       m_axi|                                                gmem1|       pointer|
|m_axi_gmem1_ARLEN     |  out|   32|       m_axi|                                                gmem1|       pointer|
|m_axi_gmem1_ARSIZE    |  out|    3|       m_axi|                                                gmem1|       pointer|
|m_axi_gmem1_ARBURST   |  out|    2|       m_axi|                                                gmem1|       pointer|
|m_axi_gmem1_ARLOCK    |  out|    2|       m_axi|                                                gmem1|       pointer|
|m_axi_gmem1_ARCACHE   |  out|    4|       m_axi|                                                gmem1|       pointer|
|m_axi_gmem1_ARPROT    |  out|    3|       m_axi|                                                gmem1|       pointer|
|m_axi_gmem1_ARQOS     |  out|    4|       m_axi|                                                gmem1|       pointer|
|m_axi_gmem1_ARREGION  |  out|    4|       m_axi|                                                gmem1|       pointer|
|m_axi_gmem1_ARUSER    |  out|    1|       m_axi|                                                gmem1|       pointer|
|m_axi_gmem1_RVALID    |   in|    1|       m_axi|                                                gmem1|       pointer|
|m_axi_gmem1_RREADY    |  out|    1|       m_axi|                                                gmem1|       pointer|
|m_axi_gmem1_RDATA     |   in|   32|       m_axi|                                                gmem1|       pointer|
|m_axi_gmem1_RLAST     |   in|    1|       m_axi|                                                gmem1|       pointer|
|m_axi_gmem1_RID       |   in|    1|       m_axi|                                                gmem1|       pointer|
|m_axi_gmem1_RFIFONUM  |   in|    9|       m_axi|                                                gmem1|       pointer|
|m_axi_gmem1_RUSER     |   in|    1|       m_axi|                                                gmem1|       pointer|
|m_axi_gmem1_RRESP     |   in|    2|       m_axi|                                                gmem1|       pointer|
|m_axi_gmem1_BVALID    |   in|    1|       m_axi|                                                gmem1|       pointer|
|m_axi_gmem1_BREADY    |  out|    1|       m_axi|                                                gmem1|       pointer|
|m_axi_gmem1_BRESP     |   in|    2|       m_axi|                                                gmem1|       pointer|
|m_axi_gmem1_BID       |   in|    1|       m_axi|                                                gmem1|       pointer|
|m_axi_gmem1_BUSER     |   in|    1|       m_axi|                                                gmem1|       pointer|
|outbuf_din            |  out|   40|     ap_fifo|                                               outbuf|       pointer|
|outbuf_full_n         |   in|    1|     ap_fifo|                                               outbuf|       pointer|
|outbuf_write          |  out|    1|     ap_fifo|                                               outbuf|       pointer|
|sext_ln106            |   in|   62|     ap_none|                                           sext_ln106|        scalar|
|trunc_ln              |   in|   31|     ap_none|                                             trunc_ln|        scalar|
|sub                   |   in|   31|     ap_none|                                                  sub|        scalar|
|in_m2s_len            |   in|   32|     ap_none|                                           in_m2s_len|        scalar|
|sub_i_i               |   in|   33|     ap_none|                                              sub_i_i|        scalar|
|count_1               |   in|   31|     ap_none|                                              count_1|        scalar|
|m2s_len_i             |   in|   32|     ap_ovld|                                              m2s_len|       pointer|
|m2s_len_o             |  out|   32|     ap_ovld|                                              m2s_len|       pointer|
|m2s_len_o_ap_vld      |  out|    1|     ap_ovld|                                              m2s_len|       pointer|
+----------------------+-----+-----+------------+-----------------------------------------------------+--------------+

