

================================================================
== Vitis HLS Report for 'streamtoparallelwithburst_Pipeline_VITIS_LOOP_23_2'
================================================================
* Date:           Sat May 11 22:35:41 2024

* Version:        2021.2 (Build 3367213 on Tue Oct 19 02:48:09 MDT 2021)
* Project:        UserDMA
* Solution:       solution1 (Vivado IP Flow Target)
* Product family: zynq
* Target device:  xc7z020-clg400-2


================================================================
== Performance Estimates
================================================================
+ Timing: 
    * Summary: 
    +--------+----------+----------+------------+
    |  Clock |  Target  | Estimated| Uncertainty|
    +--------+----------+----------+------------+
    |ap_clk  |  10.00 ns|  7.300 ns|     2.70 ns|
    +--------+----------+----------+------------+

+ Latency: 
    * Summary: 
    +---------+---------+----------+----------+-----+-----+---------+
    |  Latency (cycles) |  Latency (absolute) |  Interval | Pipeline|
    |   min   |   max   |    min   |    max   | min | max |   Type  |
    +---------+---------+----------+----------+-----+-----+---------+
    |       18|        ?|  0.180 us|         ?|   18|    ?|       no|
    +---------+---------+----------+----------+-----+-----+---------+

    + Detail: 
        * Instance: 
        N/A

        * Loop: 
        +-------------------+---------+---------+----------+-----------+-----------+-------+----------+
        |                   |  Latency (cycles) | Iteration|  Initiation Interval  |  Trip |          |
        |     Loop Name     |   min   |   max   |  Latency |  achieved |   target  | Count | Pipelined|
        +-------------------+---------+---------+----------+-----------+-----------+-------+----------+
        |- VITIS_LOOP_23_2  |       16|        ?|        17|          1|          1|  1 ~ ?|       yes|
        +-------------------+---------+---------+----------+-----------+-----------+-------+----------+



================================================================
== Utilization Estimates
================================================================
* Summary: 
+-----------------+---------+-----+--------+-------+-----+
|       Name      | BRAM_18K| DSP |   FF   |  LUT  | URAM|
+-----------------+---------+-----+--------+-------+-----+
|DSP              |        -|    -|       -|      -|    -|
|Expression       |        -|    -|       0|     62|    -|
|FIFO             |        -|    -|       -|      -|    -|
|Instance         |        -|    -|       -|      -|    -|
|Memory           |        -|    -|       -|      -|    -|
|Multiplexer      |        -|    -|       -|     72|    -|
|Register         |        -|    -|     258|     32|    -|
+-----------------+---------+-----+--------+-------+-----+
|Total            |        0|    0|     258|    166|    0|
+-----------------+---------+-----+--------+-------+-----+
|Available        |      280|  220|  106400|  53200|    0|
+-----------------+---------+-----+--------+-------+-----+
|Utilization (%)  |        0|    0|      ~0|     ~0|    0|
+-----------------+---------+-----+--------+-------+-----+

+ Detail: 
    * Instance: 
    N/A

    * DSP: 
    N/A

    * Memory: 
    N/A

    * FIFO: 
    N/A

    * Expression: 
    +------------------------------------+----------+----+---+----+------------+------------+
    |            Variable Name           | Operation| DSP| FF| LUT| Bitwidth P0| Bitwidth P1|
    +------------------------------------+----------+----+---+----+------------+------------+
    |add_ln23_fu_149_p2                  |         +|   0|  0|  31|          31|           1|
    |ap_block_state17_pp0_stage0_iter16  |       and|   0|  0|   1|           1|           1|
    |ap_block_state2_io                  |       and|   0|  0|   1|           1|           1|
    |ap_block_state2_pp0_stage0_iter1    |       and|   0|  0|   1|           1|           1|
    |ap_condition_390                    |       and|   0|  0|   1|           1|           1|
    |ap_predicate_op42_writereq_state2   |       and|   0|  0|   1|           1|           1|
    |icmp_ln23_1_fu_155_p2               |      icmp|   0|  0|  11|          31|          31|
    |icmp_ln23_fu_143_p2                 |      icmp|   0|  0|  11|          31|          31|
    |ap_block_pp0_stage0_01001           |        or|   0|  0|   1|           1|           1|
    |ap_block_pp0_stage0_11001           |        or|   0|  0|   1|           1|           1|
    |ap_enable_pp0                       |       xor|   0|  0|   2|           1|           2|
    +------------------------------------+----------+----+---+----+------------+------------+
    |Total                               |          |   0|  0|  62|         101|          72|
    +------------------------------------+----------+----+---+----+------------+------------+

    * Multiplexer: 
    +-------------------------+----+-----------+-----+-----------+
    |           Name          | LUT| Input Size| Bits| Total Bits|
    +-------------------------+----+-----------+-----+-----------+
    |ap_done_int              |   9|          2|    1|          2|
    |ap_enable_reg_pp0_iter2  |   9|          2|    1|          2|
    |ap_sig_allocacmp_i_1     |   9|          2|   31|         62|
    |gmem0_blk_n_AW           |   9|          2|    1|          2|
    |gmem0_blk_n_B            |   9|          2|    1|          2|
    |gmem0_blk_n_W            |   9|          2|    1|          2|
    |i_fu_72                  |   9|          2|   31|         62|
    |inbuf_blk_n              |   9|          2|    1|          2|
    +-------------------------+----+-----------+-----+-----------+
    |Total                    |  72|         16|   68|        136|
    +-------------------------+----+-----------+-----+-----------+

    * Register: 
    +-----------------------------------+----+----+-----+-----------+
    |                Name               | FF | LUT| Bits| Const Bits|
    +-----------------------------------+----+----+-----+-----------+
    |ap_CS_fsm                          |   1|   0|    1|          0|
    |ap_done_reg                        |   1|   0|    1|          0|
    |ap_enable_reg_pp0_iter1            |   1|   0|    1|          0|
    |ap_enable_reg_pp0_iter10           |   1|   0|    1|          0|
    |ap_enable_reg_pp0_iter11           |   1|   0|    1|          0|
    |ap_enable_reg_pp0_iter12           |   1|   0|    1|          0|
    |ap_enable_reg_pp0_iter13           |   1|   0|    1|          0|
    |ap_enable_reg_pp0_iter14           |   1|   0|    1|          0|
    |ap_enable_reg_pp0_iter15           |   1|   0|    1|          0|
    |ap_enable_reg_pp0_iter16           |   1|   0|    1|          0|
    |ap_enable_reg_pp0_iter2            |   1|   0|    1|          0|
    |ap_enable_reg_pp0_iter3            |   1|   0|    1|          0|
    |ap_enable_reg_pp0_iter4            |   1|   0|    1|          0|
    |ap_enable_reg_pp0_iter5            |   1|   0|    1|          0|
    |ap_enable_reg_pp0_iter6            |   1|   0|    1|          0|
    |ap_enable_reg_pp0_iter7            |   1|   0|    1|          0|
    |ap_enable_reg_pp0_iter8            |   1|   0|    1|          0|
    |ap_enable_reg_pp0_iter9            |   1|   0|    1|          0|
    |ap_loop_exit_ready_pp0_iter10_reg  |   1|   0|    1|          0|
    |ap_loop_exit_ready_pp0_iter11_reg  |   1|   0|    1|          0|
    |ap_loop_exit_ready_pp0_iter12_reg  |   1|   0|    1|          0|
    |ap_loop_exit_ready_pp0_iter13_reg  |   1|   0|    1|          0|
    |ap_loop_exit_ready_pp0_iter14_reg  |   1|   0|    1|          0|
    |ap_loop_exit_ready_pp0_iter15_reg  |   1|   0|    1|          0|
    |ap_loop_exit_ready_pp0_iter1_reg   |   1|   0|    1|          0|
    |ap_loop_exit_ready_pp0_iter2_reg   |   1|   0|    1|          0|
    |ap_loop_exit_ready_pp0_iter3_reg   |   1|   0|    1|          0|
    |ap_loop_exit_ready_pp0_iter4_reg   |   1|   0|    1|          0|
    |ap_loop_exit_ready_pp0_iter5_reg   |   1|   0|    1|          0|
    |ap_loop_exit_ready_pp0_iter6_reg   |   1|   0|    1|          0|
    |ap_loop_exit_ready_pp0_iter7_reg   |   1|   0|    1|          0|
    |ap_loop_exit_ready_pp0_iter8_reg   |   1|   0|    1|          0|
    |ap_loop_exit_ready_pp0_iter9_reg   |   1|   0|    1|          0|
    |first_itr_reg_115                  |   1|   0|    1|          0|
    |i_fu_72                            |  31|   0|   31|          0|
    |icmp_ln23_1_reg_197                |   1|   0|    1|          0|
    |icmp_ln23_reg_193                  |   1|   0|    1|          0|
    |sext_ln23_cast_reg_188             |  64|   0|   64|          0|
    |tmp_1_cast_reg_183                 |  31|   0|   32|          1|
    |trunc_ln144_reg_207                |  32|   0|   32|          0|
    |icmp_ln23_1_reg_197                |  64|  32|    1|          0|
    +-----------------------------------+----+----+-----+-----------+
    |Total                              | 258|  32|  196|          1|
    +-----------------------------------+----+----+-----+-----------+



================================================================
== Interface
================================================================
* Summary: 
+----------------------+-----+-----+------------+----------------------------------------------------+--------------+
|       RTL Ports      | Dir | Bits|  Protocol  |                    Source Object                   |    C Type    |
+----------------------+-----+-----+------------+----------------------------------------------------+--------------+
|ap_clk                |   in|    1|  ap_ctrl_hs|  streamtoparallelwithburst_Pipeline_VITIS_LOOP_23_2|  return value|
|ap_rst                |   in|    1|  ap_ctrl_hs|  streamtoparallelwithburst_Pipeline_VITIS_LOOP_23_2|  return value|
|ap_start              |   in|    1|  ap_ctrl_hs|  streamtoparallelwithburst_Pipeline_VITIS_LOOP_23_2|  return value|
|ap_done               |  out|    1|  ap_ctrl_hs|  streamtoparallelwithburst_Pipeline_VITIS_LOOP_23_2|  return value|
|ap_idle               |  out|    1|  ap_ctrl_hs|  streamtoparallelwithburst_Pipeline_VITIS_LOOP_23_2|  return value|
|ap_ready              |  out|    1|  ap_ctrl_hs|  streamtoparallelwithburst_Pipeline_VITIS_LOOP_23_2|  return value|
|m_axi_gmem0_AWVALID   |  out|    1|       m_axi|                                               gmem0|       pointer|
|m_axi_gmem0_AWREADY   |   in|    1|       m_axi|                                               gmem0|       pointer|
|m_axi_gmem0_AWADDR    |  out|   64|       m_axi|                                               gmem0|       pointer|
|m_axi_gmem0_AWID      |  out|    1|       m_axi|                                               gmem0|       pointer|
|m_axi_gmem0_AWLEN     |  out|   32|       m_axi|                                               gmem0|       pointer|
|m_axi_gmem0_AWSIZE    |  out|    3|       m_axi|                                               gmem0|       pointer|
|m_axi_gmem0_AWBURST   |  out|    2|       m_axi|                                               gmem0|       pointer|
|m_axi_gmem0_AWLOCK    |  out|    2|       m_axi|                                               gmem0|       pointer|
|m_axi_gmem0_AWCACHE   |  out|    4|       m_axi|                                               gmem0|       pointer|
|m_axi_gmem0_AWPROT    |  out|    3|       m_axi|                                               gmem0|       pointer|
|m_axi_gmem0_AWQOS     |  out|    4|       m_axi|                                               gmem0|       pointer|
|m_axi_gmem0_AWREGION  |  out|    4|       m_axi|                                               gmem0|       pointer|
|m_axi_gmem0_AWUSER    |  out|    1|       m_axi|                                               gmem0|       pointer|
|m_axi_gmem0_WVALID    |  out|    1|       m_axi|                                               gmem0|       pointer|
|m_axi_gmem0_WREADY    |   in|    1|       m_axi|                                               gmem0|       pointer|
|m_axi_gmem0_WDATA     |  out|   32|       m_axi|                                               gmem0|       pointer|
|m_axi_gmem0_WSTRB     |  out|    4|       m_axi|                                               gmem0|       pointer|
|m_axi_gmem0_WLAST     |  out|    1|       m_axi|                                               gmem0|       pointer|
|m_axi_gmem0_WID       |  out|    1|       m_axi|                                               gmem0|       pointer|
|m_axi_gmem0_WUSER     |  out|    1|       m_axi|                                               gmem0|       pointer|
|m_axi_gmem0_ARVALID   |  out|    1|       m_axi|                                               gmem0|       pointer|
|m_axi_gmem0_ARREADY   |   in|    1|       m_axi|                                               gmem0|       pointer|
|m_axi_gmem0_ARADDR    |  out|   64|       m_axi|                                               gmem0|       pointer|
|m_axi_gmem0_ARID      |  out|    1|       m_axi|                                               gmem0|       pointer|
|m_axi_gmem0_ARLEN     |  out|   32|       m_axi|                                               gmem0|       pointer|
|m_axi_gmem0_ARSIZE    |  out|    3|       m_axi|                                               gmem0|       pointer|
|m_axi_gmem0_ARBURST   |  out|    2|       m_axi|                                               gmem0|       pointer|
|m_axi_gmem0_ARLOCK    |  out|    2|       m_axi|                                               gmem0|       pointer|
|m_axi_gmem0_ARCACHE   |  out|    4|       m_axi|                                               gmem0|       pointer|
|m_axi_gmem0_ARPROT    |  out|    3|       m_axi|                                               gmem0|       pointer|
|m_axi_gmem0_ARQOS     |  out|    4|       m_axi|                                               gmem0|       pointer|
|m_axi_gmem0_ARREGION  |  out|    4|       m_axi|                                               gmem0|       pointer|
|m_axi_gmem0_ARUSER    |  out|    1|       m_axi|                                               gmem0|       pointer|
|m_axi_gmem0_RVALID    |   in|    1|       m_axi|                                               gmem0|       pointer|
|m_axi_gmem0_RREADY    |  out|    1|       m_axi|                                               gmem0|       pointer|
|m_axi_gmem0_RDATA     |   in|   32|       m_axi|                                               gmem0|       pointer|
|m_axi_gmem0_RLAST     |   in|    1|       m_axi|                                               gmem0|       pointer|
|m_axi_gmem0_RID       |   in|    1|       m_axi|                                               gmem0|       pointer|
|m_axi_gmem0_RFIFONUM  |   in|    9|       m_axi|                                               gmem0|       pointer|
|m_axi_gmem0_RUSER     |   in|    1|       m_axi|                                               gmem0|       pointer|
|m_axi_gmem0_RRESP     |   in|    2|       m_axi|                                               gmem0|       pointer|
|m_axi_gmem0_BVALID    |   in|    1|       m_axi|                                               gmem0|       pointer|
|m_axi_gmem0_BREADY    |  out|    1|       m_axi|                                               gmem0|       pointer|
|m_axi_gmem0_BRESP     |   in|    2|       m_axi|                                               gmem0|       pointer|
|m_axi_gmem0_BID       |   in|    1|       m_axi|                                               gmem0|       pointer|
|m_axi_gmem0_BUSER     |   in|    1|       m_axi|                                               gmem0|       pointer|
|inbuf_dout            |   in|   33|     ap_fifo|                                               inbuf|       pointer|
|inbuf_empty_n         |   in|    1|     ap_fifo|                                               inbuf|       pointer|
|inbuf_read            |  out|    1|     ap_fifo|                                               inbuf|       pointer|
|sext_ln23             |   in|   62|     ap_none|                                           sext_ln23|        scalar|
|trunc_ln23_1          |   in|   31|     ap_none|                                        trunc_ln23_1|        scalar|
|tmp_1                 |   in|   31|     ap_none|                                               tmp_1|        scalar|
+----------------------+-----+-----+------------+----------------------------------------------------+--------------+

