

================================================================
== Vitis HLS Report for 'streamtoparallelwithburst'
================================================================
* Date:           Sat May 11 22:35:41 2024

* Version:        2021.2 (Build 3367213 on Tue Oct 19 02:48:09 MDT 2021)
* Project:        UserDMA
* Solution:       solution1 (Vivado IP Flow Target)
* Product family: zynq
* Target device:  xc7z020-clg400-2


================================================================
== Performance Estimates
================================================================
+ Timing: 
    * Summary: 
    +--------+----------+----------+------------+
    |  Clock |  Target  | Estimated| Uncertainty|
    +--------+----------+----------+------------+
    |ap_clk  |  10.00 ns|  7.300 ns|     2.70 ns|
    +--------+----------+----------+------------+

+ Latency: 
    * Summary: 
    +---------+---------+----------+----------+-----+-----+---------+
    |  Latency (cycles) |  Latency (absolute) |  Interval | Pipeline|
    |   min   |   max   |    min   |    max   | min | max |   Type  |
    +---------+---------+----------+----------+-----+-----+---------+
    |        ?|        ?|         ?|         ?|    ?|    ?|       no|
    +---------+---------+----------+----------+-----+-----+---------+

    + Detail: 
        * Instance: 
        +---------------------------------------------------------------+----------------------------------------------------+---------+---------+----------+----------+-----+-----+---------+
        |                                                               |                                                    |  Latency (cycles) |  Latency (absolute) |  Interval | Pipeline|
        |                            Instance                           |                       Module                       |   min   |   max   |    min   |    max   | min | max |   Type  |
        +---------------------------------------------------------------+----------------------------------------------------+---------+---------+----------+----------+-----+-----+---------+
        |grp_streamtoparallelwithburst_Pipeline_VITIS_LOOP_23_2_fu_141  |streamtoparallelwithburst_Pipeline_VITIS_LOOP_23_2  |       18|        ?|  0.180 us|         ?|   18|    ?|       no|
        +---------------------------------------------------------------+----------------------------------------------------+---------+---------+----------+----------+-----+-----+---------+

        * Loop: 
        +-------------------+---------+---------+----------+-----------+-----------+------+----------+
        |                   |  Latency (cycles) | Iteration|  Initiation Interval  | Trip |          |
        |     Loop Name     |   min   |   max   |  Latency |  achieved |   target  | Count| Pipelined|
        +-------------------+---------+---------+----------+-----------+-----------+------+----------+
        |- VITIS_LOOP_20_1  |        ?|        ?|     2 ~ ?|          -|          -|     ?|        no|
        +-------------------+---------+---------+----------+-----------+-----------+------+----------+



================================================================
== Utilization Estimates
================================================================
* Summary: 
+-----------------+---------+-----+--------+-------+-----+
|       Name      | BRAM_18K| DSP |   FF   |  LUT  | URAM|
+-----------------+---------+-----+--------+-------+-----+
|DSP              |        -|    -|       -|      -|    -|
|Expression       |        -|    -|       0|    197|    -|
|FIFO             |        -|    -|       -|      -|    -|
|Instance         |        -|    -|     258|    166|    -|
|Memory           |        -|    -|       -|      -|    -|
|Multiplexer      |        -|    -|       -|    173|    -|
|Register         |        -|    -|     329|      -|    -|
+-----------------+---------+-----+--------+-------+-----+
|Total            |        0|    0|     587|    536|    0|
+-----------------+---------+-----+--------+-------+-----+
|Available        |      280|  220|  106400|  53200|    0|
+-----------------+---------+-----+--------+-------+-----+
|Utilization (%)  |        0|    0|      ~0|      1|    0|
+-----------------+---------+-----+--------+-------+-----+

+ Detail: 
    * Instance: 
    +---------------------------------------------------------------+----------------------------------------------------+---------+----+-----+-----+-----+
    |                            Instance                           |                       Module                       | BRAM_18K| DSP|  FF | LUT | URAM|
    +---------------------------------------------------------------+----------------------------------------------------+---------+----+-----+-----+-----+
    |grp_streamtoparallelwithburst_Pipeline_VITIS_LOOP_23_2_fu_141  |streamtoparallelwithburst_Pipeline_VITIS_LOOP_23_2  |        0|   0|  258|  166|    0|
    +---------------------------------------------------------------+----------------------------------------------------+---------+----+-----+-----+-----+
    |Total                                                          |                                                    |        0|   0|  258|  166|    0|
    +---------------------------------------------------------------+----------------------------------------------------+---------+----+-----+-----+-----+

    * DSP: 
    N/A

    * Memory: 
    N/A

    * FIFO: 
    N/A

    * Expression: 
    +---------------------------------+----------+----+---+----+------------+------------+
    |          Variable Name          | Operation| DSP| FF| LUT| Bitwidth P0| Bitwidth P1|
    +---------------------------------+----------+----+---+----+------------+------------+
    |add_ln23_fu_193_p2               |         +|   0|  0|  64|          64|          64|
    |add_ln28_fu_211_p2               |         +|   0|  0|  64|          64|          64|
    |add_ln885_fu_221_p2              |         +|   0|  0|  32|          32|          32|
    |ap_block_state4_on_subcall_done  |       and|   0|  0|   1|           1|           1|
    |ap_predicate_op36_call_state4    |       and|   0|  0|   1|           1|           1|
    |icmp_ln1064_fu_232_p2            |      icmp|   0|  0|  12|          32|          32|
    |icmp_ln1072_fu_253_p2            |      icmp|   0|  0|  10|          26|           1|
    |icmp_ln23_fu_181_p2              |      icmp|   0|  0|  12|          32|           1|
    |ap_block_state1                  |        or|   0|  0|   1|           1|           1|
    +---------------------------------+----------+----+---+----+------------+------------+
    |Total                            |          |   0|  0| 197|         253|         197|
    +---------------------------------+----------+----+---+----+------------+------------+

    * Multiplexer: 
    +-------------------------------------+----+-----------+-----+-----------+
    |                 Name                | LUT| Input Size| Bits| Total Bits|
    +-------------------------------------+----+-----------+-----+-----------+
    |ap_NS_fsm                            |  25|          6|    1|          6|
    |ap_done                              |   9|          2|    1|          2|
    |ap_phi_mux_storemerge_phi_fu_134_p4  |   9|          2|    1|          2|
    |ap_sig_allocacmp_out_sts_load_1      |   9|          2|    1|          2|
    |final_s2m_len_V                      |   9|          2|   32|         64|
    |grp_load_fu_155_p1                   |  13|          3|    1|          3|
    |idx_fu_90                            |   9|          2|   64|        128|
    |in_en_clrsts_blk_n                   |   9|          2|    1|          2|
    |in_s2m_len_blk_n                     |   9|          2|    1|          2|
    |inbuf_read                           |   9|          2|    1|          2|
    |incount47_blk_n                      |   9|          2|    1|          2|
    |m_axi_gmem0_AWVALID                  |   9|          2|    1|          2|
    |m_axi_gmem0_BREADY                   |   9|          2|    1|          2|
    |m_axi_gmem0_WVALID                   |   9|          2|    1|          2|
    |out_memory_blk_n                     |   9|          2|    1|          2|
    |s2m_buf_sts                          |   9|          2|    1|          2|
    |sts_clear_blk_n                      |   9|          2|    1|          2|
    +-------------------------------------+----+-----------+-----+-----------+
    |Total                                | 173|         39|  111|        227|
    +-------------------------------------+----+-----------+-----+-----------+

    * Register: 
    +----------------------------------------------------------------------------+----+----+-----+-----------+
    |                                    Name                                    | FF | LUT| Bits| Const Bits|
    +----------------------------------------------------------------------------+----+----+-----+-----------+
    |ap_CS_fsm                                                                   |   5|   0|    5|          0|
    |ap_done_reg                                                                 |   1|   0|    1|          0|
    |final_s2m_len_V                                                             |  32|   0|   32|          0|
    |grp_streamtoparallelwithburst_Pipeline_VITIS_LOOP_23_2_fu_141_ap_start_reg  |   1|   0|    1|          0|
    |icmp_ln23_reg_300                                                           |   1|   0|    1|          0|
    |idx_fu_90                                                                   |  64|   0|   64|          0|
    |in_en_clrsts_read_reg_269                                                   |   1|   0|    1|          0|
    |in_s2m_len_read_reg_273                                                     |  32|   0|   32|          0|
    |out_memory_read_reg_264                                                     |  64|   0|   64|          0|
    |out_sts                                                                     |   1|   0|    1|          0|
    |s2m_buf_sts_preg                                                            |   1|   0|    1|          0|
    |storemerge_reg_131                                                          |   1|   0|    1|          0|
    |tmp_1_reg_288                                                               |  32|   0|   32|          0|
    |trunc_ln154_reg_294                                                         |  31|   0|   31|          0|
    |trunc_ln_reg_304                                                            |  62|   0|   62|          0|
    +----------------------------------------------------------------------------+----+----+-----+-----------+
    |Total                                                                       | 329|   0|  329|          0|
    +----------------------------------------------------------------------------+----+----+-----+-----------+



================================================================
== Interface
================================================================
* Summary: 
+----------------------+-----+-----+------------+---------------------------+--------------+
|       RTL Ports      | Dir | Bits|  Protocol  |       Source Object       |    C Type    |
+----------------------+-----+-----+------------+---------------------------+--------------+
|ap_clk                |   in|    1|  ap_ctrl_hs|  streamtoparallelwithburst|  return value|
|ap_rst                |   in|    1|  ap_ctrl_hs|  streamtoparallelwithburst|  return value|
|ap_start              |   in|    1|  ap_ctrl_hs|  streamtoparallelwithburst|  return value|
|ap_done               |  out|    1|  ap_ctrl_hs|  streamtoparallelwithburst|  return value|
|ap_continue           |   in|    1|  ap_ctrl_hs|  streamtoparallelwithburst|  return value|
|ap_idle               |  out|    1|  ap_ctrl_hs|  streamtoparallelwithburst|  return value|
|ap_ready              |  out|    1|  ap_ctrl_hs|  streamtoparallelwithburst|  return value|
|inbuf_dout            |   in|   33|     ap_fifo|                      inbuf|       pointer|
|inbuf_empty_n         |   in|    1|     ap_fifo|                      inbuf|       pointer|
|inbuf_read            |  out|    1|     ap_fifo|                      inbuf|       pointer|
|incount47_dout        |   in|   32|     ap_fifo|                  incount47|       pointer|
|incount47_empty_n     |   in|    1|     ap_fifo|                  incount47|       pointer|
|incount47_read        |  out|    1|     ap_fifo|                  incount47|       pointer|
|in_en_clrsts_dout     |   in|    1|     ap_fifo|               in_en_clrsts|       pointer|
|in_en_clrsts_empty_n  |   in|    1|     ap_fifo|               in_en_clrsts|       pointer|
|in_en_clrsts_read     |  out|    1|     ap_fifo|               in_en_clrsts|       pointer|
|s2m_buf_sts           |  out|    1|      ap_vld|                s2m_buf_sts|       pointer|
|s2m_buf_sts_ap_vld    |  out|    1|      ap_vld|                s2m_buf_sts|       pointer|
|sts_clear_dout        |   in|    1|     ap_fifo|                  sts_clear|       pointer|
|sts_clear_empty_n     |   in|    1|     ap_fifo|                  sts_clear|       pointer|
|sts_clear_read        |  out|    1|     ap_fifo|                  sts_clear|       pointer|
|in_s2m_len_dout       |   in|   32|     ap_fifo|                 in_s2m_len|       pointer|
|in_s2m_len_empty_n    |   in|    1|     ap_fifo|                 in_s2m_len|       pointer|
|in_s2m_len_read       |  out|    1|     ap_fifo|                 in_s2m_len|       pointer|
|m_axi_gmem0_AWVALID   |  out|    1|       m_axi|                      gmem0|       pointer|
|m_axi_gmem0_AWREADY   |   in|    1|       m_axi|                      gmem0|       pointer|
|m_axi_gmem0_AWADDR    |  out|   64|       m_axi|                      gmem0|       pointer|
|m_axi_gmem0_AWID      |  out|    1|       m_axi|                      gmem0|       pointer|
|m_axi_gmem0_AWLEN     |  out|   32|       m_axi|                      gmem0|       pointer|
|m_axi_gmem0_AWSIZE    |  out|    3|       m_axi|                      gmem0|       pointer|
|m_axi_gmem0_AWBURST   |  out|    2|       m_axi|                      gmem0|       pointer|
|m_axi_gmem0_AWLOCK    |  out|    2|       m_axi|                      gmem0|       pointer|
|m_axi_gmem0_AWCACHE   |  out|    4|       m_axi|                      gmem0|       pointer|
|m_axi_gmem0_AWPROT    |  out|    3|       m_axi|                      gmem0|       pointer|
|m_axi_gmem0_AWQOS     |  out|    4|       m_axi|                      gmem0|       pointer|
|m_axi_gmem0_AWREGION  |  out|    4|       m_axi|                      gmem0|       pointer|
|m_axi_gmem0_AWUSER    |  out|    1|       m_axi|                      gmem0|       pointer|
|m_axi_gmem0_WVALID    |  out|    1|       m_axi|                      gmem0|       pointer|
|m_axi_gmem0_WREADY    |   in|    1|       m_axi|                      gmem0|       pointer|
|m_axi_gmem0_WDATA     |  out|   32|       m_axi|                      gmem0|       pointer|
|m_axi_gmem0_WSTRB     |  out|    4|       m_axi|                      gmem0|       pointer|
|m_axi_gmem0_WLAST     |  out|    1|       m_axi|                      gmem0|       pointer|
|m_axi_gmem0_WID       |  out|    1|       m_axi|                      gmem0|       pointer|
|m_axi_gmem0_WUSER     |  out|    1|       m_axi|                      gmem0|       pointer|
|m_axi_gmem0_ARVALID   |  out|    1|       m_axi|                      gmem0|       pointer|
|m_axi_gmem0_ARREADY   |   in|    1|       m_axi|                      gmem0|       pointer|
|m_axi_gmem0_ARADDR    |  out|   64|       m_axi|                      gmem0|       pointer|
|m_axi_gmem0_ARID      |  out|    1|       m_axi|                      gmem0|       pointer|
|m_axi_gmem0_ARLEN     |  out|   32|       m_axi|                      gmem0|       pointer|
|m_axi_gmem0_ARSIZE    |  out|    3|       m_axi|                      gmem0|       pointer|
|m_axi_gmem0_ARBURST   |  out|    2|       m_axi|                      gmem0|       pointer|
|m_axi_gmem0_ARLOCK    |  out|    2|       m_axi|                      gmem0|       pointer|
|m_axi_gmem0_ARCACHE   |  out|    4|       m_axi|                      gmem0|       pointer|
|m_axi_gmem0_ARPROT    |  out|    3|       m_axi|                      gmem0|       pointer|
|m_axi_gmem0_ARQOS     |  out|    4|       m_axi|                      gmem0|       pointer|
|m_axi_gmem0_ARREGION  |  out|    4|       m_axi|                      gmem0|       pointer|
|m_axi_gmem0_ARUSER    |  out|    1|       m_axi|                      gmem0|       pointer|
|m_axi_gmem0_RVALID    |   in|    1|       m_axi|                      gmem0|       pointer|
|m_axi_gmem0_RREADY    |  out|    1|       m_axi|                      gmem0|       pointer|
|m_axi_gmem0_RDATA     |   in|   32|       m_axi|                      gmem0|       pointer|
|m_axi_gmem0_RLAST     |   in|    1|       m_axi|                      gmem0|       pointer|
|m_axi_gmem0_RID       |   in|    1|       m_axi|                      gmem0|       pointer|
|m_axi_gmem0_RFIFONUM  |   in|    9|       m_axi|                      gmem0|       pointer|
|m_axi_gmem0_RUSER     |   in|    1|       m_axi|                      gmem0|       pointer|
|m_axi_gmem0_RRESP     |   in|    2|       m_axi|                      gmem0|       pointer|
|m_axi_gmem0_BVALID    |   in|    1|       m_axi|                      gmem0|       pointer|
|m_axi_gmem0_BREADY    |  out|    1|       m_axi|                      gmem0|       pointer|
|m_axi_gmem0_BRESP     |   in|    2|       m_axi|                      gmem0|       pointer|
|m_axi_gmem0_BID       |   in|    1|       m_axi|                      gmem0|       pointer|
|m_axi_gmem0_BUSER     |   in|    1|       m_axi|                      gmem0|       pointer|
|out_memory_dout       |   in|   64|     ap_fifo|                 out_memory|       pointer|
|out_memory_empty_n    |   in|    1|     ap_fifo|                 out_memory|       pointer|
|out_memory_read       |  out|    1|     ap_fifo|                 out_memory|       pointer|
+----------------------+-----+-----+------------+---------------------------+--------------+

