

================================================================
== Vitis HLS Report for 'streamtoparallelwithburst'
================================================================
* Date:           Mon Jun 10 02:04:55 2024

* Version:        2022.1 (Build 3526262 on Mon Apr 18 15:47:01 MDT 2022)
* Project:        final_dma
* Solution:       solution1 (Vivado IP Flow Target)
* Product family: zynq
* Target device:  xc7z020-clg400-2


================================================================
== Performance Estimates
================================================================
+ Timing: 
    * Summary: 
    +--------+----------+----------+------------+
    |  Clock |  Target  | Estimated| Uncertainty|
    +--------+----------+----------+------------+
    |ap_clk  |  10.00 ns|  7.300 ns|     2.70 ns|
    +--------+----------+----------+------------+

+ Latency: 
    * Summary: 
    +---------+---------+----------+----------+-----+-----+---------+
    |  Latency (cycles) |  Latency (absolute) |  Interval | Pipeline|
    |   min   |   max   |    min   |    max   | min | max |   Type  |
    +---------+---------+----------+----------+-----+-----+---------+
    |        ?|        ?|         ?|         ?|    ?|    ?|       no|
    +---------+---------+----------+----------+-----+-----+---------+

    + Detail: 
        * Instance: 
        +---------------------------------------------------------------+----------------------------------------------------+---------+---------+-----------+----------+-----+-----+---------+
        |                                                               |                                                    |  Latency (cycles) |  Latency (absolute)  |  Interval | Pipeline|
        |                            Instance                           |                       Module                       |   min   |   max   |    min    |    max   | min | max |   Type  |
        +---------------------------------------------------------------+----------------------------------------------------+---------+---------+-----------+----------+-----+-----+---------+
        |grp_streamtoparallelwithburst_Pipeline_VITIS_LOOP_23_2_fu_154  |streamtoparallelwithburst_Pipeline_VITIS_LOOP_23_2  |        4|        ?|  40.000 ns|         ?|    4|    ?|       no|
        +---------------------------------------------------------------+----------------------------------------------------+---------+---------+-----------+----------+-----+-----+---------+

        * Loop: 
        +-------------------+---------+---------+----------+-----------+-----------+------+----------+
        |                   |  Latency (cycles) | Iteration|  Initiation Interval  | Trip |          |
        |     Loop Name     |   min   |   max   |  Latency |  achieved |   target  | Count| Pipelined|
        +-------------------+---------+---------+----------+-----------+-----------+------+----------+
        |- VITIS_LOOP_20_1  |        ?|        ?|     2 ~ ?|          -|          -|     ?|        no|
        +-------------------+---------+---------+----------+-----------+-----------+------+----------+

============================================================
+ Verbose Summary: Synthesis Manager
============================================================
InlineROM: 1
ExposeGlobal: 0
============================================================
+ Verbose Summary: CDFG Model
============================================================
IsTopModel: 0
ResetActiveHigh: 1
IsCombinational: 2
IsDatapathOnly: 0
HasWiredReturn: 1
HasMFsm: 0
HasVarLatency: 1
IsPipeline: 0
IsRtlPipelined: 0
IsInstanceOverlapped: 0
IsDontTouch: 0
HasImplIP: 0
IsGatedGlobalClock: 0


============================================================
+ Verbose Summary: Schedule
============================================================
* Number of FSM states : 20
* Pipeline : 0
* Dataflow Pipeline: 0

* FSM state transitions: 
1 --> 2 20 
2 --> 3 19 
3 --> 4 
4 --> 5 
5 --> 6 
6 --> 7 
7 --> 8 
8 --> 9 
9 --> 10 
10 --> 11 
11 --> 12 
12 --> 13 
13 --> 14 
14 --> 15 
15 --> 16 
16 --> 17 
17 --> 18 
18 --> 19 
19 --> 2 
20 --> 19 

* FSM state operations: 

State 1 <SV = 0> <Delay = 5.49>
ST_1 : Operation 21 [1/1] (0.00ns)   --->   "%specinterface_ln0 = specinterface void @_ssdm_op_SpecInterface, i64 %out_memory, void @ap_fifo_str, i32 0, i32 0, void @p_str, i32 0, i32 0, void @p_str, void @p_str, void @p_str, i32 2, i32 2, i32 16, i32 16, void @p_str, void @ScalarProp_str, i32 4294967295, i32 0"   --->   Operation 21 'specinterface' 'specinterface_ln0' <Predicate = true> <Delay = 0.00>
ST_1 : Operation 22 [1/1] (3.40ns)   --->   "%out_memory_read = read i64 @_ssdm_op_Read.ap_fifo.i64P0A, i64 %out_memory"   --->   Operation 22 'read' 'out_memory_read' <Predicate = true> <Delay = 3.40> <CoreInst = "FIFO_SRL">   --->   Core 81 'FIFO_SRL' <Latency = 0> <II = 1> <Delay = 3.40> <Storage> <Opcode : 'read' 'write' 'nbread' 'nbwrite'> <Ports = 0> <Width = 64> <Depth = 3> <FIFO>
ST_1 : Operation 23 [1/1] (0.00ns)   --->   "%specinterface_ln0 = specinterface void @_ssdm_op_SpecInterface, i1 %in_en_clrsts, void @ap_fifo_str, i32 0, i32 0, void @p_str, i32 0, i32 0, void @p_str, void @p_str, void @p_str, i32 2, i32 2, i32 16, i32 16, void @p_str, void @ScalarProp_str, i32 4294967295, i32 0"   --->   Operation 23 'specinterface' 'specinterface_ln0' <Predicate = true> <Delay = 0.00>
ST_1 : Operation 24 [1/1] (3.40ns)   --->   "%in_en_clrsts_read = read i1 @_ssdm_op_Read.ap_fifo.i1P0A, i1 %in_en_clrsts"   --->   Operation 24 'read' 'in_en_clrsts_read' <Predicate = true> <Delay = 3.40> <CoreInst = "FIFO_SRL">   --->   Core 81 'FIFO_SRL' <Latency = 0> <II = 1> <Delay = 3.40> <Storage> <Opcode : 'read' 'write' 'nbread' 'nbwrite'> <Ports = 0> <Width = 1> <Depth = 2> <FIFO>
ST_1 : Operation 25 [1/1] (0.00ns)   --->   "%specinterface_ln0 = specinterface void @_ssdm_op_SpecInterface, i32 %in_s2m_len, void @ap_fifo_str, i32 0, i32 0, void @p_str, i32 0, i32 0, void @p_str, void @p_str, void @p_str, i32 2, i32 2, i32 16, i32 16, void @p_str, void @ScalarProp_str, i32 4294967295, i32 0"   --->   Operation 25 'specinterface' 'specinterface_ln0' <Predicate = true> <Delay = 0.00>
ST_1 : Operation 26 [1/1] (3.40ns)   --->   "%in_s2m_len_read = read i32 @_ssdm_op_Read.ap_fifo.i32P0A, i32 %in_s2m_len"   --->   Operation 26 'read' 'in_s2m_len_read' <Predicate = true> <Delay = 3.40> <CoreInst = "FIFO_SRL">   --->   Core 81 'FIFO_SRL' <Latency = 0> <II = 1> <Delay = 3.40> <Storage> <Opcode : 'read' 'write' 'nbread' 'nbwrite'> <Ports = 0> <Width = 32> <Depth = 2> <FIFO>
ST_1 : Operation 27 [1/1] (0.00ns)   --->   "%specinterface_ln0 = specinterface void @_ssdm_op_SpecInterface, i1 %sts_clear, void @ap_fifo_str, i32 0, i32 0, void @p_str, i32 0, i32 0, void @p_str, void @p_str, void @p_str, i32 2, i32 2, i32 16, i32 16, void @p_str, void @ScalarProp_str, i32 4294967295, i32 0"   --->   Operation 27 'specinterface' 'specinterface_ln0' <Predicate = true> <Delay = 0.00>
ST_1 : Operation 28 [1/1] (3.40ns)   --->   "%sts_clear_read = read i1 @_ssdm_op_Read.ap_fifo.i1P0A, i1 %sts_clear"   --->   Operation 28 'read' 'sts_clear_read' <Predicate = true> <Delay = 3.40> <CoreInst = "FIFO_SRL">   --->   Core 81 'FIFO_SRL' <Latency = 0> <II = 1> <Delay = 3.40> <Storage> <Opcode : 'read' 'write' 'nbread' 'nbwrite'> <Ports = 0> <Width = 1> <Depth = 3> <FIFO>
ST_1 : Operation 29 [1/1] (0.00ns)   --->   "%specinterface_ln0 = specinterface void @_ssdm_op_SpecInterface, i32 %incount47, void @empty_17, i32 0, i32 0, void @empty_27, i32 0, i32 0, void @empty_27, void @empty_27, void @empty_27, i32 0, i32 0, i32 0, i32 0, void @empty_27, void @empty_27, i32 4294967295, i32 0"   --->   Operation 29 'specinterface' 'specinterface_ln0' <Predicate = true> <Delay = 0.00>
ST_1 : Operation 30 [1/1] (0.00ns)   --->   "%specinterface_ln0 = specinterface void @_ssdm_op_SpecInterface, i25 %inbuf, void @empty_17, i32 0, i32 0, void @empty_27, i32 0, i32 0, void @empty_27, void @empty_27, void @empty_27, i32 0, i32 0, i32 0, i32 0, void @empty_27, void @empty_27, i32 4294967295, i32 0"   --->   Operation 30 'specinterface' 'specinterface_ln0' <Predicate = true> <Delay = 0.00>
ST_1 : Operation 31 [1/1] (0.00ns)   --->   "%specinterface_ln0 = specinterface void @_ssdm_op_SpecInterface, i32 %gmem0, void @empty_26, i32 0, i32 0, void @empty_27, i32 10, i32 1024, void @empty_28, void @empty_29, void @empty_27, i32 16, i32 16, i32 16, i32 64, void @empty_27, void @empty_27, i32 4294967295, i32 0"   --->   Operation 31 'specinterface' 'specinterface_ln0' <Predicate = true> <Delay = 0.00>
ST_1 : Operation 32 [1/1] (0.00ns)   --->   "%br_ln12 = br i1 %in_en_clrsts_read, void %VITIS_LOOP_23_2.preheader, void %if.then" [userdma.cpp:12]   --->   Operation 32 'br' 'br_ln12' <Predicate = true> <Delay = 0.00>
ST_1 : Operation 33 [1/1] (0.00ns)   --->   "%idx = alloca i32 1"   --->   Operation 33 'alloca' 'idx' <Predicate = (!in_en_clrsts_read)> <Delay = 0.00>
ST_1 : Operation 34 [1/1] (1.29ns)   --->   "%store_ln0 = store i64 0, i64 %idx" [/tools/Xilinx/Vitis_HLS/2022.1/common/technology/autopilot/hls_stream_39.h:0]   --->   Operation 34 'store' 'store_ln0' <Predicate = (!in_en_clrsts_read)> <Delay = 1.29>
ST_1 : Operation 35 [1/1] (0.00ns)   --->   "%br_ln0 = br void %VITIS_LOOP_23_2" [/tools/Xilinx/Vitis_HLS/2022.1/common/technology/autopilot/hls_stream_39.h:0]   --->   Operation 35 'br' 'br_ln0' <Predicate = (!in_en_clrsts_read)> <Delay = 0.00>
ST_1 : Operation 36 [1/1] (0.00ns)   --->   "%br_ln13 = br i1 %sts_clear_read, void %if.end, void %if.then1" [userdma.cpp:13]   --->   Operation 36 'br' 'br_ln13' <Predicate = (in_en_clrsts_read)> <Delay = 0.00>
ST_1 : Operation 37 [1/1] (1.29ns)   --->   "%store_ln14 = store i1 0, i1 %out_sts" [userdma.cpp:14]   --->   Operation 37 'store' 'store_ln14' <Predicate = (in_en_clrsts_read & sts_clear_read)> <Delay = 1.29>
ST_1 : Operation 38 [1/1] (1.29ns)   --->   "%store_ln16 = store i32 0, i32 %final_s2m_len_V" [userdma.cpp:16]   --->   Operation 38 'store' 'store_ln16' <Predicate = (in_en_clrsts_read & sts_clear_read)> <Delay = 1.29>
ST_1 : Operation 39 [1/1] (0.00ns)   --->   "%br_ln17 = br void %if.end" [userdma.cpp:17]   --->   Operation 39 'br' 'br_ln17' <Predicate = (in_en_clrsts_read & sts_clear_read)> <Delay = 0.00>

State 2 <SV = 1> <Delay = 5.27>
ST_2 : Operation 40 [1/1] (0.00ns)   --->   "%specloopname_ln0 = specloopname void @_ssdm_op_SpecLoopName, void @empty_20" [/tools/Xilinx/Vitis_HLS/2022.1/common/technology/autopilot/hls_stream_39.h:0]   --->   Operation 40 'specloopname' 'specloopname_ln0' <Predicate = true> <Delay = 0.00>
ST_2 : Operation 41 [1/1] (3.30ns)   --->   "%tmp_1 = read i32 @_ssdm_op_Read.ap_fifo.volatile.i32P0A, i32 %incount47" [/tools/Xilinx/Vitis_HLS/2022.1/common/technology/autopilot/hls_stream_39.h:145]   --->   Operation 41 'read' 'tmp_1' <Predicate = true> <Delay = 3.30> <CoreInst = "FIFO">   --->   Core 78 'FIFO' <Latency = 0> <II = 1> <Delay = 3.30> <Storage> <Opcode : 'read' 'write' 'nbread' 'nbwrite'> <Ports = 0> <Width = 32> <Depth = 64> <FIFO>
ST_2 : Operation 42 [1/1] (1.96ns)   --->   "%icmp_ln23 = icmp_sgt  i32 %tmp_1, i32 0" [userdma.cpp:23]   --->   Operation 42 'icmp' 'icmp_ln23' <Predicate = true> <Delay = 1.96> <CoreInst = "Cmp">   --->   Core 9 'Cmp' <Latency = 0> <II = 1> <Delay = 1.96> <FuncUnit> <Opcode : 'icmp'> <InPorts = 2> <OutPorts = 1>
ST_2 : Operation 43 [1/1] (0.00ns)   --->   "%br_ln23 = br i1 %icmp_ln23, void %for.end, void %for.body.lr.ph" [userdma.cpp:23]   --->   Operation 43 'br' 'br_ln23' <Predicate = true> <Delay = 0.00>
ST_2 : Operation 44 [1/1] (0.00ns)   --->   "%idx_load = load i64 %idx" [userdma.cpp:23]   --->   Operation 44 'load' 'idx_load' <Predicate = (icmp_ln23)> <Delay = 0.00>
ST_2 : Operation 45 [1/1] (0.00ns) (grouped into LUT with out node add_ln23)   --->   "%shl_ln23 = shl i64 %idx_load, i64 2" [userdma.cpp:23]   --->   Operation 45 'shl' 'shl_ln23' <Predicate = (icmp_ln23)> <Delay = 0.00>
ST_2 : Operation 46 [1/1] (2.69ns) (out node of the LUT)   --->   "%add_ln23 = add i64 %out_memory_read, i64 %shl_ln23" [userdma.cpp:23]   --->   Operation 46 'add' 'add_ln23' <Predicate = (icmp_ln23)> <Delay = 2.69> <CoreInst = "Adder">   --->   Core 1 'Adder' <Latency = 0> <II = 1> <Delay = 2.69> <FuncUnit> <Opcode : 'add' 'sub'> <InPorts = 2> <OutPorts = 1>
ST_2 : Operation 47 [1/1] (0.00ns)   --->   "%trunc_ln = partselect i62 @_ssdm_op_PartSelect.i62.i64.i32.i32, i64 %add_ln23, i32 2, i32 63" [userdma.cpp:23]   --->   Operation 47 'partselect' 'trunc_ln' <Predicate = (icmp_ln23)> <Delay = 0.00>

State 3 <SV = 2> <Delay = 7.30>
ST_3 : Operation 48 [1/1] (0.00ns)   --->   "%sext_ln23 = sext i62 %trunc_ln" [userdma.cpp:23]   --->   Operation 48 'sext' 'sext_ln23' <Predicate = true> <Delay = 0.00>
ST_3 : Operation 49 [1/1] (0.00ns)   --->   "%gmem0_addr = getelementptr i32 %gmem0, i64 %sext_ln23" [userdma.cpp:23]   --->   Operation 49 'getelementptr' 'gmem0_addr' <Predicate = true> <Delay = 0.00>
ST_3 : Operation 50 [1/1] (7.30ns)   --->   "%empty = writereq i1 @_ssdm_op_WriteReq.m_axi.p1i32, i32 %gmem0_addr, i32 %tmp_1" [userdma.cpp:23]   --->   Operation 50 'writereq' 'empty' <Predicate = true> <Delay = 7.30> <CoreInst = "m_axi">   --->   Core 113 'm_axi' <Latency = 0> <II = 1> <Delay = 1.00> <Adapter> <Opcode : 'read' 'write' 'readreq' 'writereq' 'writeresp'>

State 4 <SV = 3> <Delay = 3.25>
ST_4 : Operation 51 [1/1] (0.00ns)   --->   "%trunc_ln23 = trunc i32 %tmp_1" [userdma.cpp:23]   --->   Operation 51 'trunc' 'trunc_ln23' <Predicate = true> <Delay = 0.00>
ST_4 : Operation 52 [1/1] (0.00ns)   --->   "%empty_51 = wait i32 @_ssdm_op_Wait"   --->   Operation 52 'wait' 'empty_51' <Predicate = true> <Delay = 0.00>
ST_4 : Operation 53 [2/2] (3.25ns)   --->   "%call_ln23 = call void @streamtoparallelwithburst_Pipeline_VITIS_LOOP_23_2, i32 %gmem0, i62 %trunc_ln, i31 %trunc_ln23, i25 %inbuf" [userdma.cpp:23]   --->   Operation 53 'call' 'call_ln23' <Predicate = true> <Delay = 3.25> <CoreType = "Generic">   --->   Core 0 '' <Latency = 0> <II = 1> <Delay = 1.00> <Generic> <Opcode : >

State 5 <SV = 4> <Delay = 0.00>
ST_5 : Operation 54 [1/2] (0.00ns)   --->   "%call_ln23 = call void @streamtoparallelwithburst_Pipeline_VITIS_LOOP_23_2, i32 %gmem0, i62 %trunc_ln, i31 %trunc_ln23, i25 %inbuf" [userdma.cpp:23]   --->   Operation 54 'call' 'call_ln23' <Predicate = true> <Delay = 0.00> <CoreType = "Generic">   --->   Core 0 '' <Latency = 0> <II = 1> <Delay = 1.00> <Generic> <Opcode : >

State 6 <SV = 5> <Delay = 7.30>
ST_6 : Operation 55 [14/14] (7.30ns)   --->   "%empty_52 = writeresp i1 @_ssdm_op_WriteResp.m_axi.p1i32, i32 %gmem0_addr" [userdma.cpp:28]   --->   Operation 55 'writeresp' 'empty_52' <Predicate = true> <Delay = 7.30> <CoreInst = "m_axi">   --->   Core 113 'm_axi' <Latency = 0> <II = 1> <Delay = 1.00> <Adapter> <Opcode : 'read' 'write' 'readreq' 'writereq' 'writeresp'>

State 7 <SV = 6> <Delay = 7.30>
ST_7 : Operation 56 [13/14] (7.30ns)   --->   "%empty_52 = writeresp i1 @_ssdm_op_WriteResp.m_axi.p1i32, i32 %gmem0_addr" [userdma.cpp:28]   --->   Operation 56 'writeresp' 'empty_52' <Predicate = true> <Delay = 7.30> <CoreInst = "m_axi">   --->   Core 113 'm_axi' <Latency = 0> <II = 1> <Delay = 1.00> <Adapter> <Opcode : 'read' 'write' 'readreq' 'writereq' 'writeresp'>

State 8 <SV = 7> <Delay = 7.30>
ST_8 : Operation 57 [12/14] (7.30ns)   --->   "%empty_52 = writeresp i1 @_ssdm_op_WriteResp.m_axi.p1i32, i32 %gmem0_addr" [userdma.cpp:28]   --->   Operation 57 'writeresp' 'empty_52' <Predicate = true> <Delay = 7.30> <CoreInst = "m_axi">   --->   Core 113 'm_axi' <Latency = 0> <II = 1> <Delay = 1.00> <Adapter> <Opcode : 'read' 'write' 'readreq' 'writereq' 'writeresp'>

State 9 <SV = 8> <Delay = 7.30>
ST_9 : Operation 58 [11/14] (7.30ns)   --->   "%empty_52 = writeresp i1 @_ssdm_op_WriteResp.m_axi.p1i32, i32 %gmem0_addr" [userdma.cpp:28]   --->   Operation 58 'writeresp' 'empty_52' <Predicate = true> <Delay = 7.30> <CoreInst = "m_axi">   --->   Core 113 'm_axi' <Latency = 0> <II = 1> <Delay = 1.00> <Adapter> <Opcode : 'read' 'write' 'readreq' 'writereq' 'writeresp'>

State 10 <SV = 9> <Delay = 7.30>
ST_10 : Operation 59 [10/14] (7.30ns)   --->   "%empty_52 = writeresp i1 @_ssdm_op_WriteResp.m_axi.p1i32, i32 %gmem0_addr" [userdma.cpp:28]   --->   Operation 59 'writeresp' 'empty_52' <Predicate = true> <Delay = 7.30> <CoreInst = "m_axi">   --->   Core 113 'm_axi' <Latency = 0> <II = 1> <Delay = 1.00> <Adapter> <Opcode : 'read' 'write' 'readreq' 'writereq' 'writeresp'>

State 11 <SV = 10> <Delay = 7.30>
ST_11 : Operation 60 [9/14] (7.30ns)   --->   "%empty_52 = writeresp i1 @_ssdm_op_WriteResp.m_axi.p1i32, i32 %gmem0_addr" [userdma.cpp:28]   --->   Operation 60 'writeresp' 'empty_52' <Predicate = true> <Delay = 7.30> <CoreInst = "m_axi">   --->   Core 113 'm_axi' <Latency = 0> <II = 1> <Delay = 1.00> <Adapter> <Opcode : 'read' 'write' 'readreq' 'writereq' 'writeresp'>

State 12 <SV = 11> <Delay = 7.30>
ST_12 : Operation 61 [8/14] (7.30ns)   --->   "%empty_52 = writeresp i1 @_ssdm_op_WriteResp.m_axi.p1i32, i32 %gmem0_addr" [userdma.cpp:28]   --->   Operation 61 'writeresp' 'empty_52' <Predicate = true> <Delay = 7.30> <CoreInst = "m_axi">   --->   Core 113 'm_axi' <Latency = 0> <II = 1> <Delay = 1.00> <Adapter> <Opcode : 'read' 'write' 'readreq' 'writereq' 'writeresp'>

State 13 <SV = 12> <Delay = 7.30>
ST_13 : Operation 62 [7/14] (7.30ns)   --->   "%empty_52 = writeresp i1 @_ssdm_op_WriteResp.m_axi.p1i32, i32 %gmem0_addr" [userdma.cpp:28]   --->   Operation 62 'writeresp' 'empty_52' <Predicate = true> <Delay = 7.30> <CoreInst = "m_axi">   --->   Core 113 'm_axi' <Latency = 0> <II = 1> <Delay = 1.00> <Adapter> <Opcode : 'read' 'write' 'readreq' 'writereq' 'writeresp'>

State 14 <SV = 13> <Delay = 7.30>
ST_14 : Operation 63 [6/14] (7.30ns)   --->   "%empty_52 = writeresp i1 @_ssdm_op_WriteResp.m_axi.p1i32, i32 %gmem0_addr" [userdma.cpp:28]   --->   Operation 63 'writeresp' 'empty_52' <Predicate = true> <Delay = 7.30> <CoreInst = "m_axi">   --->   Core 113 'm_axi' <Latency = 0> <II = 1> <Delay = 1.00> <Adapter> <Opcode : 'read' 'write' 'readreq' 'writereq' 'writeresp'>

State 15 <SV = 14> <Delay = 7.30>
ST_15 : Operation 64 [5/14] (7.30ns)   --->   "%empty_52 = writeresp i1 @_ssdm_op_WriteResp.m_axi.p1i32, i32 %gmem0_addr" [userdma.cpp:28]   --->   Operation 64 'writeresp' 'empty_52' <Predicate = true> <Delay = 7.30> <CoreInst = "m_axi">   --->   Core 113 'm_axi' <Latency = 0> <II = 1> <Delay = 1.00> <Adapter> <Opcode : 'read' 'write' 'readreq' 'writereq' 'writeresp'>

State 16 <SV = 15> <Delay = 7.30>
ST_16 : Operation 65 [4/14] (7.30ns)   --->   "%empty_52 = writeresp i1 @_ssdm_op_WriteResp.m_axi.p1i32, i32 %gmem0_addr" [userdma.cpp:28]   --->   Operation 65 'writeresp' 'empty_52' <Predicate = true> <Delay = 7.30> <CoreInst = "m_axi">   --->   Core 113 'm_axi' <Latency = 0> <II = 1> <Delay = 1.00> <Adapter> <Opcode : 'read' 'write' 'readreq' 'writereq' 'writeresp'>

State 17 <SV = 16> <Delay = 7.30>
ST_17 : Operation 66 [3/14] (7.30ns)   --->   "%empty_52 = writeresp i1 @_ssdm_op_WriteResp.m_axi.p1i32, i32 %gmem0_addr" [userdma.cpp:28]   --->   Operation 66 'writeresp' 'empty_52' <Predicate = true> <Delay = 7.30> <CoreInst = "m_axi">   --->   Core 113 'm_axi' <Latency = 0> <II = 1> <Delay = 1.00> <Adapter> <Opcode : 'read' 'write' 'readreq' 'writereq' 'writeresp'>

State 18 <SV = 17> <Delay = 7.30>
ST_18 : Operation 67 [2/14] (7.30ns)   --->   "%empty_52 = writeresp i1 @_ssdm_op_WriteResp.m_axi.p1i32, i32 %gmem0_addr" [userdma.cpp:28]   --->   Operation 67 'writeresp' 'empty_52' <Predicate = true> <Delay = 7.30> <CoreInst = "m_axi">   --->   Core 113 'm_axi' <Latency = 0> <II = 1> <Delay = 1.00> <Adapter> <Opcode : 'read' 'write' 'readreq' 'writereq' 'writeresp'>

State 19 <SV = 18> <Delay = 7.30>
ST_19 : Operation 68 [1/14] (7.30ns)   --->   "%empty_52 = writeresp i1 @_ssdm_op_WriteResp.m_axi.p1i32, i32 %gmem0_addr" [userdma.cpp:28]   --->   Operation 68 'writeresp' 'empty_52' <Predicate = (!in_en_clrsts_read & icmp_ln23)> <Delay = 7.30> <CoreInst = "m_axi">   --->   Core 113 'm_axi' <Latency = 0> <II = 1> <Delay = 1.00> <Adapter> <Opcode : 'read' 'write' 'readreq' 'writereq' 'writeresp'>
ST_19 : Operation 69 [1/1] (0.00ns)   --->   "%br_ln28 = br void %for.end" [userdma.cpp:28]   --->   Operation 69 'br' 'br_ln28' <Predicate = (!in_en_clrsts_read & icmp_ln23)> <Delay = 0.00>
ST_19 : Operation 70 [1/1] (0.00ns)   --->   "%idx_load_1 = load i64 %idx" [userdma.cpp:28]   --->   Operation 70 'load' 'idx_load_1' <Predicate = (!in_en_clrsts_read)> <Delay = 0.00>
ST_19 : Operation 71 [1/1] (0.00ns)   --->   "%sext_ln28 = sext i32 %tmp_1" [userdma.cpp:28]   --->   Operation 71 'sext' 'sext_ln28' <Predicate = (!in_en_clrsts_read)> <Delay = 0.00>
ST_19 : Operation 72 [1/1] (2.69ns)   --->   "%add_ln28 = add i64 %sext_ln28, i64 %idx_load_1" [userdma.cpp:28]   --->   Operation 72 'add' 'add_ln28' <Predicate = (!in_en_clrsts_read)> <Delay = 2.69> <CoreInst = "Adder">   --->   Core 1 'Adder' <Latency = 0> <II = 1> <Delay = 2.69> <FuncUnit> <Opcode : 'add' 'sub'> <InPorts = 2> <OutPorts = 1>
ST_19 : Operation 73 [1/1] (0.00ns)   --->   "%final_s2m_len_V_load = load i32 %final_s2m_len_V"   --->   Operation 73 'load' 'final_s2m_len_V_load' <Predicate = (!in_en_clrsts_read)> <Delay = 0.00>
ST_19 : Operation 74 [1/1] (1.89ns)   --->   "%add_ln886 = add i32 %final_s2m_len_V_load, i32 %tmp_1"   --->   Operation 74 'add' 'add_ln886' <Predicate = (!in_en_clrsts_read)> <Delay = 1.89> <CoreInst = "Adder">   --->   Core 1 'Adder' <Latency = 0> <II = 1> <Delay = 1.89> <FuncUnit> <Opcode : 'add' 'sub'> <InPorts = 2> <OutPorts = 1>
ST_19 : Operation 75 [1/1] (1.29ns)   --->   "%store_ln886 = store i32 %add_ln886, i32 %final_s2m_len_V"   --->   Operation 75 'store' 'store_ln886' <Predicate = (!in_en_clrsts_read)> <Delay = 1.29>
ST_19 : Operation 76 [1/1] (1.96ns)   --->   "%icmp_ln1065 = icmp_eq  i32 %add_ln886, i32 %in_s2m_len_read"   --->   Operation 76 'icmp' 'icmp_ln1065' <Predicate = (!in_en_clrsts_read)> <Delay = 1.96> <CoreInst = "Cmp">   --->   Core 9 'Cmp' <Latency = 0> <II = 1> <Delay = 1.96> <FuncUnit> <Opcode : 'icmp'> <InPorts = 2> <OutPorts = 1>
ST_19 : Operation 77 [1/1] (0.00ns)   --->   "%br_ln31 = br i1 %icmp_ln1065, void %do.cond, void %if.then10" [userdma.cpp:31]   --->   Operation 77 'br' 'br_ln31' <Predicate = (!in_en_clrsts_read)> <Delay = 0.00>
ST_19 : Operation 78 [1/1] (1.29ns)   --->   "%store_ln32 = store i1 1, i1 %out_sts" [userdma.cpp:32]   --->   Operation 78 'store' 'store_ln32' <Predicate = (!in_en_clrsts_read & icmp_ln1065)> <Delay = 1.29>
ST_19 : Operation 79 [1/1] (0.00ns)   --->   "%br_ln33 = br void %do.cond" [userdma.cpp:33]   --->   Operation 79 'br' 'br_ln33' <Predicate = (!in_en_clrsts_read & icmp_ln1065)> <Delay = 0.00>
ST_19 : Operation 80 [1/1] (0.00ns)   --->   "%out_sts_load_1 = load i1 %out_sts" [userdma.cpp:35]   --->   Operation 80 'load' 'out_sts_load_1' <Predicate = (!in_en_clrsts_read)> <Delay = 0.00>
ST_19 : Operation 81 [1/1] (0.00ns)   --->   "%tmp = partselect i26 @_ssdm_op_PartSelect.i26.i32.i32.i32, i32 %add_ln886, i32 6, i32 31"   --->   Operation 81 'partselect' 'tmp' <Predicate = (!in_en_clrsts_read)> <Delay = 0.00>
ST_19 : Operation 82 [1/1] (1.98ns)   --->   "%icmp_ln1073 = icmp_eq  i26 %tmp, i26 0"   --->   Operation 82 'icmp' 'icmp_ln1073' <Predicate = (!in_en_clrsts_read)> <Delay = 1.98> <CoreInst = "Cmp">   --->   Core 9 'Cmp' <Latency = 0> <II = 1> <Delay = 1.98> <FuncUnit> <Opcode : 'icmp'> <InPorts = 2> <OutPorts = 1>
ST_19 : Operation 83 [1/1] (0.00ns)   --->   "%br_ln36 = br i1 %icmp_ln1073, void %if.end13.loopexit, void %do.cond.VITIS_LOOP_23_2_crit_edge" [userdma.cpp:36]   --->   Operation 83 'br' 'br_ln36' <Predicate = (!in_en_clrsts_read)> <Delay = 0.00>
ST_19 : Operation 84 [1/1] (1.29ns)   --->   "%store_ln36 = store i64 %add_ln28, i64 %idx" [userdma.cpp:36]   --->   Operation 84 'store' 'store_ln36' <Predicate = (!in_en_clrsts_read & icmp_ln1073)> <Delay = 1.29>
ST_19 : Operation 85 [1/1] (0.00ns)   --->   "%br_ln36 = br void %VITIS_LOOP_23_2" [userdma.cpp:36]   --->   Operation 85 'br' 'br_ln36' <Predicate = (!in_en_clrsts_read & icmp_ln1073)> <Delay = 0.00>
ST_19 : Operation 86 [1/1] (1.29ns)   --->   "%br_ln0 = br void %if.end13"   --->   Operation 86 'br' 'br_ln0' <Predicate = (!in_en_clrsts_read & !icmp_ln1073)> <Delay = 1.29>
ST_19 : Operation 87 [1/1] (0.00ns)   --->   "%storemerge = phi i1 %out_sts_load, void %if.end, i1 %out_sts_load_1, void %if.end13.loopexit" [userdma.cpp:18]   --->   Operation 87 'phi' 'storemerge' <Predicate = (!icmp_ln1073) | (in_en_clrsts_read)> <Delay = 0.00>
ST_19 : Operation 88 [1/1] (0.00ns)   --->   "%write_ln18 = write void @_ssdm_op_Write.ap_auto.i1P0A, i1 %s2m_buf_sts, i1 %storemerge" [userdma.cpp:18]   --->   Operation 88 'write' 'write_ln18' <Predicate = (!icmp_ln1073) | (in_en_clrsts_read)> <Delay = 0.00>
ST_19 : Operation 89 [1/1] (0.00ns)   --->   "%ret_ln38 = ret" [userdma.cpp:38]   --->   Operation 89 'ret' 'ret_ln38' <Predicate = (!icmp_ln1073) | (in_en_clrsts_read)> <Delay = 0.00>

State 20 <SV = 17> <Delay = 1.29>
ST_20 : Operation 90 [1/1] (0.00ns)   --->   "%out_sts_load = load i1 %out_sts" [userdma.cpp:18]   --->   Operation 90 'load' 'out_sts_load' <Predicate = true> <Delay = 0.00>
ST_20 : Operation 91 [1/1] (1.29ns)   --->   "%br_ln19 = br void %if.end13" [userdma.cpp:19]   --->   Operation 91 'br' 'br_ln19' <Predicate = true> <Delay = 1.29>


============================================================
+ Verbose Summary: Binding
============================================================
STG Binding: 
---------------- STG Properties BEGIN ----------------
- Is combinational: 0
- Is one-state seq: 0
- Is datapath-only: 0
- Is pipelined: 0
- Is top level: 0
Port [ Return ] is wired: 1; IO mode=ap_ctrl_hs:ce=0
Port [ inbuf]:  wired=1; compound=1; hidden=0; nouse=0; global=0; static=0; extern=0; dir=0; type=3; pingpong=0; private_global=0; IO mode=ap_fifo:ce=0
Port [ incount47]:  wired=1; compound=1; hidden=0; nouse=0; global=0; static=0; extern=0; dir=0; type=3; pingpong=0; private_global=0; IO mode=ap_fifo:ce=0
Port [ in_en_clrsts]:  wired=1; compound=1; hidden=0; nouse=0; global=0; static=0; extern=0; dir=0; type=3; pingpong=0; private_global=0; IO mode=ap_fifo:ce=0
Port [ s2m_buf_sts]:  wired=1; compound=0; hidden=0; nouse=0; global=0; static=0; extern=0; dir=1; type=0; pingpong=0; private_global=0; IO mode=ap_vld:ce=0
Port [ sts_clear]:  wired=1; compound=1; hidden=0; nouse=0; global=0; static=0; extern=0; dir=0; type=3; pingpong=0; private_global=0; IO mode=ap_fifo:ce=0
Port [ in_s2m_len]:  wired=1; compound=1; hidden=0; nouse=0; global=0; static=0; extern=0; dir=0; type=3; pingpong=0; private_global=0; IO mode=ap_fifo:ce=0
Port [ gmem0]:  wired=1; compound=1; hidden=0; nouse=0; global=0; static=0; extern=0; dir=1; type=4; pingpong=0; private_global=0; IO mode=m_axi:ce=0
Port [ out_memory]:  wired=1; compound=1; hidden=0; nouse=0; global=0; static=0; extern=0; dir=0; type=3; pingpong=0; private_global=0; IO mode=ap_fifo:ce=0
Port [ out_sts]:  wired=0; compound=0; hidden=1; nouse=0; global=1; static=1; extern=0; dir=2; type=0; pingpong=0; private_global=1; IO mode=ap_ovld:ce=0
Port [ final_s2m_len_V]:  wired=0; compound=0; hidden=1; nouse=0; global=1; static=1; extern=0; dir=2; type=0; pingpong=0; private_global=1; IO mode=ap_ovld:ce=0
---------------- STG Properties END ------------------

---------------- Datapath Model BEGIN ----------------

<LifeTime>
<method=bitvector/>
specinterface_ln0    (specinterface) [ 000000000000000000000]
out_memory_read      (read         ) [ 001111111111111111111]
specinterface_ln0    (specinterface) [ 000000000000000000000]
in_en_clrsts_read    (read         ) [ 011111111111111111111]
specinterface_ln0    (specinterface) [ 000000000000000000000]
in_s2m_len_read      (read         ) [ 001111111111111111111]
specinterface_ln0    (specinterface) [ 000000000000000000000]
sts_clear_read       (read         ) [ 010000000000000000000]
specinterface_ln0    (specinterface) [ 000000000000000000000]
specinterface_ln0    (specinterface) [ 000000000000000000000]
specinterface_ln0    (specinterface) [ 000000000000000000000]
br_ln12              (br           ) [ 000000000000000000000]
idx                  (alloca       ) [ 011111111111111111111]
store_ln0            (store        ) [ 000000000000000000000]
br_ln0               (br           ) [ 000000000000000000000]
br_ln13              (br           ) [ 000000000000000000000]
store_ln14           (store        ) [ 000000000000000000000]
store_ln16           (store        ) [ 000000000000000000000]
br_ln17              (br           ) [ 000000000000000000000]
specloopname_ln0     (specloopname ) [ 000000000000000000000]
tmp_1                (read         ) [ 000111111111111111110]
icmp_ln23            (icmp         ) [ 001111111111111111110]
br_ln23              (br           ) [ 000000000000000000000]
idx_load             (load         ) [ 000000000000000000000]
shl_ln23             (shl          ) [ 000000000000000000000]
add_ln23             (add          ) [ 000000000000000000000]
trunc_ln             (partselect   ) [ 000111000000000000000]
sext_ln23            (sext         ) [ 000000000000000000000]
gmem0_addr           (getelementptr) [ 001011111111111111110]
empty                (writereq     ) [ 000000000000000000000]
trunc_ln23           (trunc        ) [ 000001000000000000000]
empty_51             (wait         ) [ 000000000000000000000]
call_ln23            (call         ) [ 000000000000000000000]
empty_52             (writeresp    ) [ 000000000000000000000]
br_ln28              (br           ) [ 000000000000000000000]
idx_load_1           (load         ) [ 000000000000000000000]
sext_ln28            (sext         ) [ 000000000000000000000]
add_ln28             (add          ) [ 000000000000000000000]
final_s2m_len_V_load (load         ) [ 000000000000000000000]
add_ln886            (add          ) [ 000000000000000000000]
store_ln886          (store        ) [ 000000000000000000000]
icmp_ln1065          (icmp         ) [ 001111111111111111110]
br_ln31              (br           ) [ 000000000000000000000]
store_ln32           (store        ) [ 000000000000000000000]
br_ln33              (br           ) [ 000000000000000000000]
out_sts_load_1       (load         ) [ 000000000000000000000]
tmp                  (partselect   ) [ 000000000000000000000]
icmp_ln1073          (icmp         ) [ 001111111111111111110]
br_ln36              (br           ) [ 000000000000000000000]
store_ln36           (store        ) [ 000000000000000000000]
br_ln36              (br           ) [ 000000000000000000000]
br_ln0               (br           ) [ 000000000000000000000]
storemerge           (phi          ) [ 000000000000000000010]
write_ln18           (write        ) [ 000000000000000000000]
ret_ln38             (ret          ) [ 000000000000000000000]
out_sts_load         (load         ) [ 001111111111111111111]
br_ln19              (br           ) [ 001111111111111111111]
</LifeTime>

<model>

<comp_list>
<comp id="0" class="1000" name="inbuf">
<pin_list>
<pin id="1" dir="1" index="0" bw="1" slack="0"/>
</pin_list>
<bind>
<StgValue><ssdm name="inbuf"/></StgValue>
</bind>
</comp>

<comp id="2" class="1000" name="incount47">
<pin_list>
<pin id="3" dir="1" index="0" bw="1" slack="0"/>
</pin_list>
<bind>
<StgValue><ssdm name="incount47"/></StgValue>
</bind>
</comp>

<comp id="4" class="1000" name="in_en_clrsts">
<pin_list>
<pin id="5" dir="1" index="0" bw="1" slack="0"/>
</pin_list>
<bind>
<StgValue><ssdm name="in_en_clrsts"/></StgValue>
</bind>
</comp>

<comp id="6" class="1000" name="s2m_buf_sts">
<pin_list>
<pin id="7" dir="1" index="0" bw="1" slack="0"/>
</pin_list>
<bind>
<StgValue><ssdm name="s2m_buf_sts"/></StgValue>
</bind>
</comp>

<comp id="8" class="1000" name="sts_clear">
<pin_list>
<pin id="9" dir="1" index="0" bw="1" slack="0"/>
</pin_list>
<bind>
<StgValue><ssdm name="sts_clear"/></StgValue>
</bind>
</comp>

<comp id="10" class="1000" name="in_s2m_len">
<pin_list>
<pin id="11" dir="1" index="0" bw="1" slack="0"/>
</pin_list>
<bind>
<StgValue><ssdm name="in_s2m_len"/></StgValue>
</bind>
</comp>

<comp id="12" class="1000" name="gmem0">
<pin_list>
<pin id="13" dir="1" index="0" bw="1" slack="0"/>
</pin_list>
<bind>
<StgValue><ssdm name="gmem0"/></StgValue>
</bind>
</comp>

<comp id="14" class="1000" name="out_memory">
<pin_list>
<pin id="15" dir="1" index="0" bw="1" slack="0"/>
</pin_list>
<bind>
<StgValue><ssdm name="out_memory"/></StgValue>
</bind>
</comp>

<comp id="16" class="1000" name="out_sts">
<pin_list>
<pin id="17" dir="1" index="0" bw="1" slack="0"/>
</pin_list>
<bind>
<StgValue><ssdm name="out_sts"/></StgValue>
</bind>
</comp>

<comp id="18" class="1000" name="final_s2m_len_V">
<pin_list>
<pin id="19" dir="1" index="0" bw="1" slack="0"/>
</pin_list>
<bind>
<StgValue><ssdm name="final_s2m_len_V"/></StgValue>
</bind>
</comp>

<comp id="20" class="1001" name="const_20">
<pin_list>
<pin id="21" dir="1" index="0" bw="1" slack="2147483647"/>
</pin_list>
<bind>
<StgValue><ssdm name="_ssdm_op_SpecInterface"/></StgValue>
</bind>
</comp>

<comp id="22" class="1001" name="const_22">
<pin_list>
<pin id="23" dir="1" index="0" bw="1" slack="2147483647"/>
</pin_list>
<bind>
<StgValue><ssdm name="ap_fifo_str"/></StgValue>
</bind>
</comp>

<comp id="24" class="1001" name="const_24">
<pin_list>
<pin id="25" dir="1" index="0" bw="1" slack="0"/>
</pin_list>
<bind>
<StgValue><ssdm name=""/></StgValue>
</bind>
</comp>

<comp id="26" class="1001" name="const_26">
<pin_list>
<pin id="27" dir="1" index="0" bw="1" slack="2147483647"/>
</pin_list>
<bind>
<StgValue><ssdm name="p_str"/></StgValue>
</bind>
</comp>

<comp id="28" class="1001" name="const_28">
<pin_list>
<pin id="29" dir="1" index="0" bw="1" slack="0"/>
</pin_list>
<bind>
<StgValue><ssdm name=""/></StgValue>
</bind>
</comp>

<comp id="30" class="1001" name="const_30">
<pin_list>
<pin id="31" dir="1" index="0" bw="1" slack="2147483647"/>
</pin_list>
<bind>
<StgValue><ssdm name=""/></StgValue>
</bind>
</comp>

<comp id="32" class="1001" name="const_32">
<pin_list>
<pin id="33" dir="1" index="0" bw="1" slack="2147483647"/>
</pin_list>
<bind>
<StgValue><ssdm name="ScalarProp_str"/></StgValue>
</bind>
</comp>

<comp id="34" class="1001" name="const_34">
<pin_list>
<pin id="35" dir="1" index="0" bw="1" slack="2147483647"/>
</pin_list>
<bind>
<StgValue><ssdm name=""/></StgValue>
</bind>
</comp>

<comp id="36" class="1001" name="const_36">
<pin_list>
<pin id="37" dir="1" index="0" bw="1" slack="0"/>
</pin_list>
<bind>
<StgValue><ssdm name="_ssdm_op_Read.ap_fifo.i64P0A"/></StgValue>
</bind>
</comp>

<comp id="38" class="1001" name="const_38">
<pin_list>
<pin id="39" dir="1" index="0" bw="1" slack="0"/>
</pin_list>
<bind>
<StgValue><ssdm name="_ssdm_op_Read.ap_fifo.i1P0A"/></StgValue>
</bind>
</comp>

<comp id="40" class="1001" name="const_40">
<pin_list>
<pin id="41" dir="1" index="0" bw="1" slack="0"/>
</pin_list>
<bind>
<StgValue><ssdm name="_ssdm_op_Read.ap_fifo.i32P0A"/></StgValue>
</bind>
</comp>

<comp id="42" class="1001" name="const_42">
<pin_list>
<pin id="43" dir="1" index="0" bw="1" slack="2147483647"/>
</pin_list>
<bind>
<StgValue><ssdm name="empty_17"/></StgValue>
</bind>
</comp>

<comp id="44" class="1001" name="const_44">
<pin_list>
<pin id="45" dir="1" index="0" bw="1" slack="2147483647"/>
</pin_list>
<bind>
<StgValue><ssdm name="empty_27"/></StgValue>
</bind>
</comp>

<comp id="46" class="1001" name="const_46">
<pin_list>
<pin id="47" dir="1" index="0" bw="1" slack="2147483647"/>
</pin_list>
<bind>
<StgValue><ssdm name="empty_26"/></StgValue>
</bind>
</comp>

<comp id="48" class="1001" name="const_48">
<pin_list>
<pin id="49" dir="1" index="0" bw="1" slack="2147483647"/>
</pin_list>
<bind>
<StgValue><ssdm name=""/></StgValue>
</bind>
</comp>

<comp id="50" class="1001" name="const_50">
<pin_list>
<pin id="51" dir="1" index="0" bw="1" slack="2147483647"/>
</pin_list>
<bind>
<StgValue><ssdm name=""/></StgValue>
</bind>
</comp>

<comp id="52" class="1001" name="const_52">
<pin_list>
<pin id="53" dir="1" index="0" bw="1" slack="2147483647"/>
</pin_list>
<bind>
<StgValue><ssdm name="empty_28"/></StgValue>
</bind>
</comp>

<comp id="54" class="1001" name="const_54">
<pin_list>
<pin id="55" dir="1" index="0" bw="1" slack="2147483647"/>
</pin_list>
<bind>
<StgValue><ssdm name="empty_29"/></StgValue>
</bind>
</comp>

<comp id="56" class="1001" name="const_56">
<pin_list>
<pin id="57" dir="1" index="0" bw="1" slack="2147483647"/>
</pin_list>
<bind>
<StgValue><ssdm name=""/></StgValue>
</bind>
</comp>

<comp id="58" class="1001" name="const_58">
<pin_list>
<pin id="59" dir="1" index="0" bw="1" slack="0"/>
</pin_list>
<bind>
<StgValue><ssdm name=""/></StgValue>
</bind>
</comp>

<comp id="60" class="1001" name="const_60">
<pin_list>
<pin id="61" dir="1" index="0" bw="1" slack="0"/>
</pin_list>
<bind>
<StgValue><ssdm name=""/></StgValue>
</bind>
</comp>

<comp id="62" class="1001" name="const_62">
<pin_list>
<pin id="63" dir="1" index="0" bw="1" slack="0"/>
</pin_list>
<bind>
<StgValue><ssdm name=""/></StgValue>
</bind>
</comp>

<comp id="64" class="1001" name="const_64">
<pin_list>
<pin id="65" dir="1" index="0" bw="1" slack="2147483647"/>
</pin_list>
<bind>
<StgValue><ssdm name="_ssdm_op_SpecLoopName"/></StgValue>
</bind>
</comp>

<comp id="66" class="1001" name="const_66">
<pin_list>
<pin id="67" dir="1" index="0" bw="1" slack="2147483647"/>
</pin_list>
<bind>
<StgValue><ssdm name="empty_20"/></StgValue>
</bind>
</comp>

<comp id="68" class="1001" name="const_68">
<pin_list>
<pin id="69" dir="1" index="0" bw="1" slack="0"/>
</pin_list>
<bind>
<StgValue><ssdm name="_ssdm_op_Read.ap_fifo.volatile.i32P0A"/></StgValue>
</bind>
</comp>

<comp id="70" class="1001" name="const_70">
<pin_list>
<pin id="71" dir="1" index="0" bw="1" slack="0"/>
</pin_list>
<bind>
<StgValue><ssdm name=""/></StgValue>
</bind>
</comp>

<comp id="72" class="1001" name="const_72">
<pin_list>
<pin id="73" dir="1" index="0" bw="1" slack="0"/>
</pin_list>
<bind>
<StgValue><ssdm name="_ssdm_op_PartSelect.i62.i64.i32.i32"/></StgValue>
</bind>
</comp>

<comp id="74" class="1001" name="const_74">
<pin_list>
<pin id="75" dir="1" index="0" bw="1" slack="0"/>
</pin_list>
<bind>
<StgValue><ssdm name=""/></StgValue>
</bind>
</comp>

<comp id="76" class="1001" name="const_76">
<pin_list>
<pin id="77" dir="1" index="0" bw="1" slack="0"/>
</pin_list>
<bind>
<StgValue><ssdm name="_ssdm_op_WriteReq.m_axi.p1i32"/></StgValue>
</bind>
</comp>

<comp id="78" class="1001" name="const_78">
<pin_list>
<pin id="79" dir="1" index="0" bw="1" slack="2147483647"/>
</pin_list>
<bind>
<StgValue><ssdm name="_ssdm_op_Wait"/></StgValue>
</bind>
</comp>

<comp id="80" class="1001" name="const_80">
<pin_list>
<pin id="81" dir="1" index="0" bw="1" slack="0"/>
</pin_list>
<bind>
<StgValue><ssdm name="streamtoparallelwithburst_Pipeline_VITIS_LOOP_23_2"/></StgValue>
</bind>
</comp>

<comp id="82" class="1001" name="const_82">
<pin_list>
<pin id="83" dir="1" index="0" bw="1" slack="0"/>
</pin_list>
<bind>
<StgValue><ssdm name="_ssdm_op_WriteResp.m_axi.p1i32"/></StgValue>
</bind>
</comp>

<comp id="84" class="1001" name="const_84">
<pin_list>
<pin id="85" dir="1" index="0" bw="1" slack="0"/>
</pin_list>
<bind>
<StgValue><ssdm name=""/></StgValue>
</bind>
</comp>

<comp id="86" class="1001" name="const_86">
<pin_list>
<pin id="87" dir="1" index="0" bw="1" slack="0"/>
</pin_list>
<bind>
<StgValue><ssdm name="_ssdm_op_PartSelect.i26.i32.i32.i32"/></StgValue>
</bind>
</comp>

<comp id="88" class="1001" name="const_88">
<pin_list>
<pin id="89" dir="1" index="0" bw="1" slack="0"/>
</pin_list>
<bind>
<StgValue><ssdm name=""/></StgValue>
</bind>
</comp>

<comp id="90" class="1001" name="const_90">
<pin_list>
<pin id="91" dir="1" index="0" bw="1" slack="0"/>
</pin_list>
<bind>
<StgValue><ssdm name=""/></StgValue>
</bind>
</comp>

<comp id="92" class="1001" name="const_92">
<pin_list>
<pin id="93" dir="1" index="0" bw="1" slack="0"/>
</pin_list>
<bind>
<StgValue><ssdm name=""/></StgValue>
</bind>
</comp>

<comp id="94" class="1001" name="const_94">
<pin_list>
<pin id="95" dir="1" index="0" bw="1" slack="0"/>
</pin_list>
<bind>
<StgValue><ssdm name="_ssdm_op_Write.ap_auto.i1P0A"/></StgValue>
</bind>
</comp>

<comp id="96" class="1004" name="idx_fu_96">
<pin_list>
<pin id="97" dir="0" index="0" bw="1" slack="0"/>
<pin id="98" dir="1" index="1" bw="64" slack="0"/>
</pin_list>
<bind>
<opcode="alloca(26) " fcode="alloca"/>
<opset="idx/1 "/>
</bind>
</comp>

<comp id="100" class="1004" name="out_memory_read_read_fu_100">
<pin_list>
<pin id="101" dir="0" index="0" bw="64" slack="0"/>
<pin id="102" dir="0" index="1" bw="64" slack="0"/>
<pin id="103" dir="1" index="2" bw="64" slack="1"/>
</pin_list>
<bind>
<opcode="read(1150) " fcode="read"/>
<opset="out_memory_read/1 "/>
</bind>
</comp>

<comp id="106" class="1004" name="in_en_clrsts_read_read_fu_106">
<pin_list>
<pin id="107" dir="0" index="0" bw="1" slack="0"/>
<pin id="108" dir="0" index="1" bw="1" slack="0"/>
<pin id="109" dir="1" index="2" bw="1" slack="18"/>
</pin_list>
<bind>
<opcode="read(1150) " fcode="read"/>
<opset="in_en_clrsts_read/1 "/>
</bind>
</comp>

<comp id="112" class="1004" name="in_s2m_len_read_read_fu_112">
<pin_list>
<pin id="113" dir="0" index="0" bw="32" slack="0"/>
<pin id="114" dir="0" index="1" bw="32" slack="0"/>
<pin id="115" dir="1" index="2" bw="32" slack="18"/>
</pin_list>
<bind>
<opcode="read(1150) " fcode="read"/>
<opset="in_s2m_len_read/1 "/>
</bind>
</comp>

<comp id="118" class="1004" name="sts_clear_read_read_fu_118">
<pin_list>
<pin id="119" dir="0" index="0" bw="1" slack="0"/>
<pin id="120" dir="0" index="1" bw="1" slack="0"/>
<pin id="121" dir="1" index="2" bw="1" slack="2147483647"/>
</pin_list>
<bind>
<opcode="read(1150) " fcode="read"/>
<opset="sts_clear_read/1 "/>
</bind>
</comp>

<comp id="124" class="1004" name="tmp_1_read_fu_124">
<pin_list>
<pin id="125" dir="0" index="0" bw="32" slack="0"/>
<pin id="126" dir="0" index="1" bw="32" slack="0"/>
<pin id="127" dir="1" index="2" bw="32" slack="0"/>
</pin_list>
<bind>
<opcode="read(1150) " fcode="read"/>
<opset="tmp_1/2 "/>
</bind>
</comp>

<comp id="130" class="1004" name="grp_writeresp_fu_130">
<pin_list>
<pin id="131" dir="0" index="0" bw="1" slack="0"/>
<pin id="132" dir="0" index="1" bw="32" slack="0"/>
<pin id="133" dir="0" index="2" bw="32" slack="1"/>
<pin id="134" dir="1" index="3" bw="1" slack="2147483647"/>
</pin_list>
<bind>
<opcode="writereq(1155) writeresp(1158) " fcode="writeresp"/>
<opset="empty/3 empty_52/6 "/>
</bind>
</comp>

<comp id="137" class="1004" name="write_ln18_write_fu_137">
<pin_list>
<pin id="138" dir="0" index="0" bw="0" slack="0"/>
<pin id="139" dir="0" index="1" bw="1" slack="0"/>
<pin id="140" dir="0" index="2" bw="1" slack="0"/>
<pin id="141" dir="1" index="3" bw="0" slack="2147483647"/>
</pin_list>
<bind>
<opcode="write(1151) " fcode="write"/>
<opset="write_ln18/19 "/>
</bind>
</comp>

<comp id="144" class="1005" name="storemerge_reg_144">
<pin_list>
<pin id="145" dir="0" index="0" bw="1" slack="2147483647"/>
<pin id="146" dir="1" index="1" bw="1" slack="2147483647"/>
</pin_list>
<bind>
<opset="storemerge (phireg) "/>
</bind>
</comp>

<comp id="147" class="1004" name="storemerge_phi_fu_147">
<pin_list>
<pin id="148" dir="0" index="0" bw="1" slack="1"/>
<pin id="149" dir="0" index="1" bw="0" slack="2147483647"/>
<pin id="150" dir="0" index="2" bw="1" slack="0"/>
<pin id="151" dir="0" index="3" bw="0" slack="2147483647"/>
<pin id="152" dir="1" index="4" bw="1" slack="0"/>
</pin_list>
<bind>
<opcode="phi(47) " fcode="phi"/>
<opset="storemerge/19 "/>
</bind>
</comp>

<comp id="154" class="1004" name="grp_streamtoparallelwithburst_Pipeline_VITIS_LOOP_23_2_fu_154">
<pin_list>
<pin id="155" dir="0" index="0" bw="0" slack="0"/>
<pin id="156" dir="0" index="1" bw="32" slack="0"/>
<pin id="157" dir="0" index="2" bw="62" slack="2"/>
<pin id="158" dir="0" index="3" bw="31" slack="0"/>
<pin id="159" dir="0" index="4" bw="25" slack="0"/>
<pin id="160" dir="1" index="5" bw="0" slack="2147483647"/>
</pin_list>
<bind>
<opcode="call(48) " fcode="call"/>
<opset="call_ln23/4 "/>
</bind>
</comp>

<comp id="164" class="1004" name="grp_load_fu_164">
<pin_list>
<pin id="165" dir="0" index="0" bw="64" slack="1"/>
<pin id="166" dir="1" index="1" bw="64" slack="0"/>
</pin_list>
<bind>
<opcode="load(27) " fcode="load"/>
<opset="idx_load/2 idx_load_1/19 "/>
</bind>
</comp>

<comp id="167" class="1004" name="grp_load_fu_167">
<pin_list>
<pin id="168" dir="0" index="0" bw="1" slack="0"/>
<pin id="169" dir="1" index="1" bw="1" slack="0"/>
</pin_list>
<bind>
<opcode="load(27) " fcode="load"/>
<opset="out_sts_load_1/19 out_sts_load/20 "/>
</bind>
</comp>

<comp id="172" class="1004" name="store_ln0_store_fu_172">
<pin_list>
<pin id="173" dir="0" index="0" bw="1" slack="0"/>
<pin id="174" dir="0" index="1" bw="64" slack="0"/>
<pin id="175" dir="1" index="2" bw="0" slack="2147483647"/>
</pin_list>
<bind>
<opcode="store(28) " fcode="store"/>
<opset="store_ln0/1 "/>
</bind>
</comp>

<comp id="177" class="1004" name="store_ln14_store_fu_177">
<pin_list>
<pin id="178" dir="0" index="0" bw="1" slack="0"/>
<pin id="179" dir="0" index="1" bw="1" slack="0"/>
<pin id="180" dir="1" index="2" bw="0" slack="2147483647"/>
</pin_list>
<bind>
<opcode="store(28) " fcode="store"/>
<opset="store_ln14/1 "/>
</bind>
</comp>

<comp id="183" class="1004" name="store_ln16_store_fu_183">
<pin_list>
<pin id="184" dir="0" index="0" bw="1" slack="0"/>
<pin id="185" dir="0" index="1" bw="32" slack="0"/>
<pin id="186" dir="1" index="2" bw="0" slack="2147483647"/>
</pin_list>
<bind>
<opcode="store(28) " fcode="store"/>
<opset="store_ln16/1 "/>
</bind>
</comp>

<comp id="189" class="1004" name="icmp_ln23_fu_189">
<pin_list>
<pin id="190" dir="0" index="0" bw="32" slack="0"/>
<pin id="191" dir="0" index="1" bw="1" slack="0"/>
<pin id="192" dir="1" index="2" bw="1" slack="17"/>
</pin_list>
<bind>
<opcode="icmp(45) " fcode="icmp"/>
<opset="icmp_ln23/2 "/>
</bind>
</comp>

<comp id="195" class="1004" name="shl_ln23_fu_195">
<pin_list>
<pin id="196" dir="0" index="0" bw="64" slack="0"/>
<pin id="197" dir="0" index="1" bw="3" slack="0"/>
<pin id="198" dir="1" index="2" bw="64" slack="0"/>
</pin_list>
<bind>
<opcode="shl(20) " fcode="shl"/>
<opset="shl_ln23/2 "/>
</bind>
</comp>

<comp id="201" class="1004" name="add_ln23_fu_201">
<pin_list>
<pin id="202" dir="0" index="0" bw="64" slack="1"/>
<pin id="203" dir="0" index="1" bw="64" slack="0"/>
<pin id="204" dir="1" index="2" bw="64" slack="0"/>
</pin_list>
<bind>
<opcode="add(8) " fcode="add"/>
<opset="add_ln23/2 "/>
</bind>
</comp>

<comp id="206" class="1004" name="trunc_ln_fu_206">
<pin_list>
<pin id="207" dir="0" index="0" bw="62" slack="0"/>
<pin id="208" dir="0" index="1" bw="64" slack="0"/>
<pin id="209" dir="0" index="2" bw="3" slack="0"/>
<pin id="210" dir="0" index="3" bw="7" slack="0"/>
<pin id="211" dir="1" index="4" bw="62" slack="1"/>
</pin_list>
<bind>
<opcode="partselect(1002) " fcode="partselect"/>
<opset="trunc_ln/2 "/>
</bind>
</comp>

<comp id="216" class="1004" name="sext_ln23_fu_216">
<pin_list>
<pin id="217" dir="0" index="0" bw="62" slack="1"/>
<pin id="218" dir="1" index="1" bw="64" slack="0"/>
</pin_list>
<bind>
<opcode="sext(35) " fcode="sext"/>
<opset="sext_ln23/3 "/>
</bind>
</comp>

<comp id="219" class="1004" name="gmem0_addr_fu_219">
<pin_list>
<pin id="220" dir="0" index="0" bw="32" slack="0"/>
<pin id="221" dir="0" index="1" bw="62" slack="0"/>
<pin id="222" dir="1" index="2" bw="32" slack="0"/>
</pin_list>
<bind>
<opcode="getelementptr(29) " fcode="getelementptr"/>
<opset="gmem0_addr/3 "/>
</bind>
</comp>

<comp id="226" class="1004" name="trunc_ln23_fu_226">
<pin_list>
<pin id="227" dir="0" index="0" bw="32" slack="2"/>
<pin id="228" dir="1" index="1" bw="31" slack="0"/>
</pin_list>
<bind>
<opcode="trunc(33) " fcode="trunc"/>
<opset="trunc_ln23/4 "/>
</bind>
</comp>

<comp id="230" class="1004" name="sext_ln28_fu_230">
<pin_list>
<pin id="231" dir="0" index="0" bw="32" slack="17"/>
<pin id="232" dir="1" index="1" bw="64" slack="0"/>
</pin_list>
<bind>
<opcode="sext(35) " fcode="sext"/>
<opset="sext_ln28/19 "/>
</bind>
</comp>

<comp id="233" class="1004" name="add_ln28_fu_233">
<pin_list>
<pin id="234" dir="0" index="0" bw="32" slack="0"/>
<pin id="235" dir="0" index="1" bw="64" slack="0"/>
<pin id="236" dir="1" index="2" bw="64" slack="0"/>
</pin_list>
<bind>
<opcode="add(8) " fcode="add"/>
<opset="add_ln28/19 "/>
</bind>
</comp>

<comp id="239" class="1004" name="final_s2m_len_V_load_load_fu_239">
<pin_list>
<pin id="240" dir="0" index="0" bw="32" slack="0"/>
<pin id="241" dir="1" index="1" bw="32" slack="0"/>
</pin_list>
<bind>
<opcode="load(27) " fcode="load"/>
<opset="final_s2m_len_V_load/19 "/>
</bind>
</comp>

<comp id="243" class="1004" name="add_ln886_fu_243">
<pin_list>
<pin id="244" dir="0" index="0" bw="32" slack="0"/>
<pin id="245" dir="0" index="1" bw="32" slack="17"/>
<pin id="246" dir="1" index="2" bw="32" slack="0"/>
</pin_list>
<bind>
<opcode="add(8) " fcode="add"/>
<opset="add_ln886/19 "/>
</bind>
</comp>

<comp id="248" class="1004" name="store_ln886_store_fu_248">
<pin_list>
<pin id="249" dir="0" index="0" bw="32" slack="0"/>
<pin id="250" dir="0" index="1" bw="32" slack="0"/>
<pin id="251" dir="1" index="2" bw="0" slack="2147483647"/>
</pin_list>
<bind>
<opcode="store(28) " fcode="store"/>
<opset="store_ln886/19 "/>
</bind>
</comp>

<comp id="254" class="1004" name="icmp_ln1065_fu_254">
<pin_list>
<pin id="255" dir="0" index="0" bw="32" slack="0"/>
<pin id="256" dir="0" index="1" bw="32" slack="18"/>
<pin id="257" dir="1" index="2" bw="1" slack="2147483647"/>
</pin_list>
<bind>
<opcode="icmp(45) " fcode="icmp"/>
<opset="icmp_ln1065/19 "/>
</bind>
</comp>

<comp id="259" class="1004" name="store_ln32_store_fu_259">
<pin_list>
<pin id="260" dir="0" index="0" bw="1" slack="0"/>
<pin id="261" dir="0" index="1" bw="1" slack="0"/>
<pin id="262" dir="1" index="2" bw="0" slack="2147483647"/>
</pin_list>
<bind>
<opcode="store(28) " fcode="store"/>
<opset="store_ln32/19 "/>
</bind>
</comp>

<comp id="265" class="1004" name="tmp_fu_265">
<pin_list>
<pin id="266" dir="0" index="0" bw="26" slack="0"/>
<pin id="267" dir="0" index="1" bw="32" slack="0"/>
<pin id="268" dir="0" index="2" bw="4" slack="0"/>
<pin id="269" dir="0" index="3" bw="6" slack="0"/>
<pin id="270" dir="1" index="4" bw="26" slack="0"/>
</pin_list>
<bind>
<opcode="partselect(1002) " fcode="partselect"/>
<opset="tmp/19 "/>
</bind>
</comp>

<comp id="275" class="1004" name="icmp_ln1073_fu_275">
<pin_list>
<pin id="276" dir="0" index="0" bw="26" slack="0"/>
<pin id="277" dir="0" index="1" bw="1" slack="0"/>
<pin id="278" dir="1" index="2" bw="1" slack="2147483647"/>
</pin_list>
<bind>
<opcode="icmp(45) " fcode="icmp"/>
<opset="icmp_ln1073/19 "/>
</bind>
</comp>

<comp id="281" class="1004" name="store_ln36_store_fu_281">
<pin_list>
<pin id="282" dir="0" index="0" bw="64" slack="0"/>
<pin id="283" dir="0" index="1" bw="64" slack="18"/>
<pin id="284" dir="1" index="2" bw="0" slack="2147483647"/>
</pin_list>
<bind>
<opcode="store(28) " fcode="store"/>
<opset="store_ln36/19 "/>
</bind>
</comp>

<comp id="286" class="1005" name="out_memory_read_reg_286">
<pin_list>
<pin id="287" dir="0" index="0" bw="64" slack="1"/>
<pin id="288" dir="1" index="1" bw="64" slack="1"/>
</pin_list>
<bind>
<opset="out_memory_read "/>
</bind>
</comp>

<comp id="291" class="1005" name="in_en_clrsts_read_reg_291">
<pin_list>
<pin id="292" dir="0" index="0" bw="1" slack="18"/>
<pin id="293" dir="1" index="1" bw="1" slack="2147483647"/>
</pin_list>
<bind>
<opset="in_en_clrsts_read "/>
</bind>
</comp>

<comp id="295" class="1005" name="in_s2m_len_read_reg_295">
<pin_list>
<pin id="296" dir="0" index="0" bw="32" slack="18"/>
<pin id="297" dir="1" index="1" bw="32" slack="18"/>
</pin_list>
<bind>
<opset="in_s2m_len_read "/>
</bind>
</comp>

<comp id="303" class="1005" name="idx_reg_303">
<pin_list>
<pin id="304" dir="0" index="0" bw="64" slack="0"/>
<pin id="305" dir="1" index="1" bw="64" slack="0"/>
</pin_list>
<bind>
<opset="idx "/>
</bind>
</comp>

<comp id="310" class="1005" name="tmp_1_reg_310">
<pin_list>
<pin id="311" dir="0" index="0" bw="32" slack="1"/>
<pin id="312" dir="1" index="1" bw="32" slack="1"/>
</pin_list>
<bind>
<opset="tmp_1 "/>
</bind>
</comp>

<comp id="318" class="1005" name="icmp_ln23_reg_318">
<pin_list>
<pin id="319" dir="0" index="0" bw="1" slack="17"/>
<pin id="320" dir="1" index="1" bw="1" slack="2147483647"/>
</pin_list>
<bind>
<opset="icmp_ln23 "/>
</bind>
</comp>

<comp id="322" class="1005" name="trunc_ln_reg_322">
<pin_list>
<pin id="323" dir="0" index="0" bw="62" slack="1"/>
<pin id="324" dir="1" index="1" bw="62" slack="1"/>
</pin_list>
<bind>
<opset="trunc_ln "/>
</bind>
</comp>

<comp id="328" class="1005" name="gmem0_addr_reg_328">
<pin_list>
<pin id="329" dir="0" index="0" bw="32" slack="3"/>
<pin id="330" dir="1" index="1" bw="32" slack="3"/>
</pin_list>
<bind>
<opset="gmem0_addr "/>
</bind>
</comp>

<comp id="333" class="1005" name="trunc_ln23_reg_333">
<pin_list>
<pin id="334" dir="0" index="0" bw="31" slack="1"/>
<pin id="335" dir="1" index="1" bw="31" slack="1"/>
</pin_list>
<bind>
<opset="trunc_ln23 "/>
</bind>
</comp>

<comp id="344" class="1005" name="out_sts_load_reg_344">
<pin_list>
<pin id="345" dir="0" index="0" bw="1" slack="1"/>
<pin id="346" dir="1" index="1" bw="1" slack="1"/>
</pin_list>
<bind>
<opset="out_sts_load "/>
</bind>
</comp>

</comp_list>

<net_list>
<net id="99"><net_src comp="58" pin="0"/><net_sink comp="96" pin=0"/></net>

<net id="104"><net_src comp="36" pin="0"/><net_sink comp="100" pin=0"/></net>

<net id="105"><net_src comp="14" pin="0"/><net_sink comp="100" pin=1"/></net>

<net id="110"><net_src comp="38" pin="0"/><net_sink comp="106" pin=0"/></net>

<net id="111"><net_src comp="4" pin="0"/><net_sink comp="106" pin=1"/></net>

<net id="116"><net_src comp="40" pin="0"/><net_sink comp="112" pin=0"/></net>

<net id="117"><net_src comp="10" pin="0"/><net_sink comp="112" pin=1"/></net>

<net id="122"><net_src comp="38" pin="0"/><net_sink comp="118" pin=0"/></net>

<net id="123"><net_src comp="8" pin="0"/><net_sink comp="118" pin=1"/></net>

<net id="128"><net_src comp="68" pin="0"/><net_sink comp="124" pin=0"/></net>

<net id="129"><net_src comp="2" pin="0"/><net_sink comp="124" pin=1"/></net>

<net id="135"><net_src comp="76" pin="0"/><net_sink comp="130" pin=0"/></net>

<net id="136"><net_src comp="82" pin="0"/><net_sink comp="130" pin=0"/></net>

<net id="142"><net_src comp="94" pin="0"/><net_sink comp="137" pin=0"/></net>

<net id="143"><net_src comp="6" pin="0"/><net_sink comp="137" pin=1"/></net>

<net id="153"><net_src comp="147" pin="4"/><net_sink comp="137" pin=2"/></net>

<net id="161"><net_src comp="80" pin="0"/><net_sink comp="154" pin=0"/></net>

<net id="162"><net_src comp="12" pin="0"/><net_sink comp="154" pin=1"/></net>

<net id="163"><net_src comp="0" pin="0"/><net_sink comp="154" pin=4"/></net>

<net id="170"><net_src comp="16" pin="0"/><net_sink comp="167" pin=0"/></net>

<net id="171"><net_src comp="167" pin="1"/><net_sink comp="147" pin=2"/></net>

<net id="176"><net_src comp="60" pin="0"/><net_sink comp="172" pin=0"/></net>

<net id="181"><net_src comp="62" pin="0"/><net_sink comp="177" pin=0"/></net>

<net id="182"><net_src comp="16" pin="0"/><net_sink comp="177" pin=1"/></net>

<net id="187"><net_src comp="24" pin="0"/><net_sink comp="183" pin=0"/></net>

<net id="188"><net_src comp="18" pin="0"/><net_sink comp="183" pin=1"/></net>

<net id="193"><net_src comp="124" pin="2"/><net_sink comp="189" pin=0"/></net>

<net id="194"><net_src comp="24" pin="0"/><net_sink comp="189" pin=1"/></net>

<net id="199"><net_src comp="164" pin="1"/><net_sink comp="195" pin=0"/></net>

<net id="200"><net_src comp="70" pin="0"/><net_sink comp="195" pin=1"/></net>

<net id="205"><net_src comp="195" pin="2"/><net_sink comp="201" pin=1"/></net>

<net id="212"><net_src comp="72" pin="0"/><net_sink comp="206" pin=0"/></net>

<net id="213"><net_src comp="201" pin="2"/><net_sink comp="206" pin=1"/></net>

<net id="214"><net_src comp="28" pin="0"/><net_sink comp="206" pin=2"/></net>

<net id="215"><net_src comp="74" pin="0"/><net_sink comp="206" pin=3"/></net>

<net id="223"><net_src comp="12" pin="0"/><net_sink comp="219" pin=0"/></net>

<net id="224"><net_src comp="216" pin="1"/><net_sink comp="219" pin=1"/></net>

<net id="225"><net_src comp="219" pin="2"/><net_sink comp="130" pin=1"/></net>

<net id="229"><net_src comp="226" pin="1"/><net_sink comp="154" pin=3"/></net>

<net id="237"><net_src comp="230" pin="1"/><net_sink comp="233" pin=0"/></net>

<net id="238"><net_src comp="164" pin="1"/><net_sink comp="233" pin=1"/></net>

<net id="242"><net_src comp="18" pin="0"/><net_sink comp="239" pin=0"/></net>

<net id="247"><net_src comp="239" pin="1"/><net_sink comp="243" pin=0"/></net>

<net id="252"><net_src comp="243" pin="2"/><net_sink comp="248" pin=0"/></net>

<net id="253"><net_src comp="18" pin="0"/><net_sink comp="248" pin=1"/></net>

<net id="258"><net_src comp="243" pin="2"/><net_sink comp="254" pin=0"/></net>

<net id="263"><net_src comp="84" pin="0"/><net_sink comp="259" pin=0"/></net>

<net id="264"><net_src comp="16" pin="0"/><net_sink comp="259" pin=1"/></net>

<net id="271"><net_src comp="86" pin="0"/><net_sink comp="265" pin=0"/></net>

<net id="272"><net_src comp="243" pin="2"/><net_sink comp="265" pin=1"/></net>

<net id="273"><net_src comp="88" pin="0"/><net_sink comp="265" pin=2"/></net>

<net id="274"><net_src comp="90" pin="0"/><net_sink comp="265" pin=3"/></net>

<net id="279"><net_src comp="265" pin="4"/><net_sink comp="275" pin=0"/></net>

<net id="280"><net_src comp="92" pin="0"/><net_sink comp="275" pin=1"/></net>

<net id="285"><net_src comp="233" pin="2"/><net_sink comp="281" pin=0"/></net>

<net id="289"><net_src comp="100" pin="2"/><net_sink comp="286" pin=0"/></net>

<net id="290"><net_src comp="286" pin="1"/><net_sink comp="201" pin=0"/></net>

<net id="294"><net_src comp="106" pin="2"/><net_sink comp="291" pin=0"/></net>

<net id="298"><net_src comp="112" pin="2"/><net_sink comp="295" pin=0"/></net>

<net id="299"><net_src comp="295" pin="1"/><net_sink comp="254" pin=1"/></net>

<net id="306"><net_src comp="96" pin="1"/><net_sink comp="303" pin=0"/></net>

<net id="307"><net_src comp="303" pin="1"/><net_sink comp="172" pin=1"/></net>

<net id="308"><net_src comp="303" pin="1"/><net_sink comp="164" pin=0"/></net>

<net id="309"><net_src comp="303" pin="1"/><net_sink comp="281" pin=1"/></net>

<net id="313"><net_src comp="124" pin="2"/><net_sink comp="310" pin=0"/></net>

<net id="314"><net_src comp="310" pin="1"/><net_sink comp="130" pin=2"/></net>

<net id="315"><net_src comp="310" pin="1"/><net_sink comp="226" pin=0"/></net>

<net id="316"><net_src comp="310" pin="1"/><net_sink comp="230" pin=0"/></net>

<net id="317"><net_src comp="310" pin="1"/><net_sink comp="243" pin=1"/></net>

<net id="321"><net_src comp="189" pin="2"/><net_sink comp="318" pin=0"/></net>

<net id="325"><net_src comp="206" pin="4"/><net_sink comp="322" pin=0"/></net>

<net id="326"><net_src comp="322" pin="1"/><net_sink comp="216" pin=0"/></net>

<net id="327"><net_src comp="322" pin="1"/><net_sink comp="154" pin=2"/></net>

<net id="331"><net_src comp="219" pin="2"/><net_sink comp="328" pin=0"/></net>

<net id="332"><net_src comp="328" pin="1"/><net_sink comp="130" pin=1"/></net>

<net id="336"><net_src comp="226" pin="1"/><net_sink comp="333" pin=0"/></net>

<net id="337"><net_src comp="333" pin="1"/><net_sink comp="154" pin=3"/></net>

<net id="347"><net_src comp="167" pin="1"/><net_sink comp="344" pin=0"/></net>

<net id="348"><net_src comp="344" pin="1"/><net_sink comp="147" pin=0"/></net>

</net_list>

</model> 
---------------- Datapath Model END ------------------

* FSMD analyzer results:
  - Output states:
	Port: s2m_buf_sts | {19 }
	Port: gmem0 | {3 4 5 6 7 8 9 10 11 12 13 14 15 16 17 18 19 }
	Port: out_sts | {1 19 }
	Port: final_s2m_len_V | {1 19 }
 - Input state : 
	Port: streamtoparallelwithburst : inbuf | {4 5 }
	Port: streamtoparallelwithburst : incount47 | {2 }
	Port: streamtoparallelwithburst : in_en_clrsts | {1 }
	Port: streamtoparallelwithburst : sts_clear | {1 }
	Port: streamtoparallelwithburst : in_s2m_len | {1 }
	Port: streamtoparallelwithburst : out_memory | {1 }
	Port: streamtoparallelwithburst : out_sts | {19 20 }
	Port: streamtoparallelwithburst : final_s2m_len_V | {19 }
  - Chain level:
	State 1
		store_ln0 : 1
	State 2
		br_ln23 : 1
		shl_ln23 : 1
		add_ln23 : 1
		trunc_ln : 2
	State 3
		gmem0_addr : 1
		empty : 2
	State 4
		call_ln23 : 1
	State 5
	State 6
	State 7
	State 8
	State 9
	State 10
	State 11
	State 12
	State 13
	State 14
	State 15
	State 16
	State 17
	State 18
	State 19
		add_ln28 : 1
		add_ln886 : 1
		store_ln886 : 2
		icmp_ln1065 : 2
		br_ln31 : 3
		tmp : 2
		icmp_ln1073 : 3
		br_ln36 : 4
		store_ln36 : 2
		storemerge : 1
		write_ln18 : 2
	State 20


============================================================
+ Verbose Summary: Datapath Resource usage 
============================================================

* Functional unit list:
|----------|---------------------------------------------------------------|---------|---------|
| Operation|                        Functional Unit                        |    FF   |   LUT   |
|----------|---------------------------------------------------------------|---------|---------|
|   call   | grp_streamtoparallelwithburst_Pipeline_VITIS_LOOP_23_2_fu_154 |   152   |    42   |
|----------|---------------------------------------------------------------|---------|---------|
|          |                        add_ln23_fu_201                        |    0    |    64   |
|    add   |                        add_ln28_fu_233                        |    0    |    64   |
|          |                        add_ln886_fu_243                       |    0    |    32   |
|----------|---------------------------------------------------------------|---------|---------|
|          |                        icmp_ln23_fu_189                       |    0    |    12   |
|   icmp   |                       icmp_ln1065_fu_254                      |    0    |    12   |
|          |                       icmp_ln1073_fu_275                      |    0    |    10   |
|----------|---------------------------------------------------------------|---------|---------|
|          |                  out_memory_read_read_fu_100                  |    0    |    0    |
|          |                 in_en_clrsts_read_read_fu_106                 |    0    |    0    |
|   read   |                  in_s2m_len_read_read_fu_112                  |    0    |    0    |
|          |                   sts_clear_read_read_fu_118                  |    0    |    0    |
|          |                       tmp_1_read_fu_124                       |    0    |    0    |
|----------|---------------------------------------------------------------|---------|---------|
| writeresp|                      grp_writeresp_fu_130                     |    0    |    0    |
|----------|---------------------------------------------------------------|---------|---------|
|   write  |                    write_ln18_write_fu_137                    |    0    |    0    |
|----------|---------------------------------------------------------------|---------|---------|
|    shl   |                        shl_ln23_fu_195                        |    0    |    0    |
|----------|---------------------------------------------------------------|---------|---------|
|partselect|                        trunc_ln_fu_206                        |    0    |    0    |
|          |                           tmp_fu_265                          |    0    |    0    |
|----------|---------------------------------------------------------------|---------|---------|
|   sext   |                        sext_ln23_fu_216                       |    0    |    0    |
|          |                        sext_ln28_fu_230                       |    0    |    0    |
|----------|---------------------------------------------------------------|---------|---------|
|   trunc  |                       trunc_ln23_fu_226                       |    0    |    0    |
|----------|---------------------------------------------------------------|---------|---------|
|   Total  |                                                               |   152   |   236   |
|----------|---------------------------------------------------------------|---------|---------|

Memories:
N/A

* Register list:
+-------------------------+--------+
|                         |   FF   |
+-------------------------+--------+
|    gmem0_addr_reg_328   |   32   |
|    icmp_ln23_reg_318    |    1   |
|       idx_reg_303       |   64   |
|in_en_clrsts_read_reg_291|    1   |
| in_s2m_len_read_reg_295 |   32   |
| out_memory_read_reg_286 |   64   |
|   out_sts_load_reg_344  |    1   |
|    storemerge_reg_144   |    1   |
|      tmp_1_reg_310      |   32   |
|    trunc_ln23_reg_333   |   31   |
|     trunc_ln_reg_322    |   62   |
+-------------------------+--------+
|          Total          |   321  |
+-------------------------+--------+

* Multiplexer (MUX) list: 
|---------------------------------------------------------------|------|------|------|--------||---------||---------|
|                              Comp                             |  Pin | Size |  BW  | S x BW ||  Delay  ||   LUT   |
|---------------------------------------------------------------|------|------|------|--------||---------||---------|
|                      grp_writeresp_fu_130                     |  p0  |   2  |   1  |    2   |
|                      grp_writeresp_fu_130                     |  p1  |   2  |  32  |   64   ||    9    |
| grp_streamtoparallelwithburst_Pipeline_VITIS_LOOP_23_2_fu_154 |  p3  |   2  |  31  |   62   ||    9    |
|---------------------------------------------------------------|------|------|------|--------||---------||---------|
|                             Total                             |      |      |      |   128  ||  3.894  ||    18   |
|---------------------------------------------------------------|------|------|------|--------||---------||---------|



* Summary:
+-----------+--------+--------+--------+
|           |  Delay |   FF   |   LUT  |
+-----------+--------+--------+--------+
|  Function |    -   |   152  |   236  |
|   Memory  |    -   |    -   |    -   |
|Multiplexer|    3   |    -   |   18   |
|  Register |    -   |   321  |    -   |
+-----------+--------+--------+--------+
|   Total   |    3   |   473  |   254  |
+-----------+--------+--------+--------+
