#-----------------------------------------------------------
# Vivado v2021.2 (64-bit)
# SW Build 3367213 on Tue Oct 19 02:48:09 MDT 2021
# IP Build 3369179 on Thu Oct 21 08:25:16 MDT 2021
# Start of session at: Sat May 11 22:41:48 2024
# Process ID: 33652
# Current directory: C:/Users/leolo/Project/SOC/UserDMA/solution1/impl/ip
# Command line: vivado.exe -notrace -mode batch -source run_ippack.tcl
# Log file: C:/Users/leolo/Project/SOC/UserDMA/solution1/impl/ip/vivado.log
# Journal file: C:/Users/leolo/Project/SOC/UserDMA/solution1/impl/ip\vivado.jou
# Running On: DESKTOP-LQNSKJJ, OS: Windows, CPU Frequency: 2112 MHz, CPU Physical cores: 12, Host memory: 34137 MB
#-----------------------------------------------------------
source run_ippack.tcl -notrace
ERROR: '2405112241' is an invalid argument. Please specify an integer value.
    while executing
"rdi::set_property core_revision 2405112241 {component component_1}"
    invoked from within
"set_property core_revision $Revision $core"
    (file "run_ippack.tcl" line 1461)
INFO: [Common 17-206] Exiting Vivado at Sat May 11 22:41:51 2024...
