00000000
507271868
-1074848120
-744463717
-973533741
-1569508505
1696478086
2108143138
-2142012958
-1714818999
1708253191
1220589827
-1410223612
812282277
-267003166
1091534229
1266731860
618644166
1527791264
-1459844911
-805539487
-1986657609
993147562
34428825
-1592579066
-646649466
-18898616
1751127844
80580148
-518164300
-1040842528
-982506017
508137262
1088489044
2029050287
1382295211
1318562373
927896337
-1886533626
495443425
-453875516
1500408761
654564146
1783177087
-120347585
656999479
797598240
125118724
-2135008184
1634315299
1480606217
1815413898
-567938640
-1200636897
1122939156
-2048132394
828649256
535227569
-1995992570
-1025516927
652753162
660192864
636647429
644352563
