Loading db file '/home/raid7_2/userk/m11102167/ASoC/SAED14_EDK_LAB/lib/stdcell_rvt/db_nldm/saed14rvt_tt0p8v25c.db'
Information: Propagating switching activity (low effort zero delay simulation). (PWR-6)
Warning: Design has unannotated primary inputs. (PWR-414)
Warning: Design has unannotated sequential cell outputs. (PWR-415)
 
****************************************
Report : power
        -hier
        -analysis_effort low
Design : i2c_master_top
Version: U-2022.12
Date   : Tue Apr 16 20:11:51 2024
****************************************


Library(s) Used:

    saed14rvt_tt0p8v25c (File: /home/raid7_2/userk/m11102167/ASoC/SAED14_EDK_LAB/lib/stdcell_rvt/db_nldm/saed14rvt_tt0p8v25c.db)


Operating Conditions: tt0p8v25c   Library: saed14rvt_tt0p8v25c
Wire Load Model Mode: top

Design        Wire Load Model            Library
------------------------------------------------
i2c_master_top         8000              saed14rvt_tt0p8v25c


Global Operating Voltage = 0.8  
Power-specific unit information :
    Voltage Units = 1V
    Capacitance Units = 1.000000ff
    Time Units = 1ns
    Dynamic Power Units = 1uW    (derived from V,C,T units)
    Leakage Power Units = 1pW


--------------------------------------------------------------------------------
                                       Switch   Int      Leak     Total
Hierarchy                              Power    Power    Power    Power    %
--------------------------------------------------------------------------------
i2c_master_top                            4.233  104.015 1.27e+05  108.375 100.0
  byte_controller (i2c_master_byte_ctrl)
                                          2.400   67.811 8.63e+04   70.297  64.9
    bit_controller (i2c_master_bit_ctrl)
                                          2.176   50.848 6.51e+04   53.089  49.0
      sub_228 (i2c_master_bit_ctrl_DW01_dec_1_DW01_dec_2)
                                          0.210    0.132 3.45e+03    0.346   0.3
      sub_260 (i2c_master_bit_ctrl_DW01_dec_0_DW01_dec_1)
                                       4.37e-03 1.50e-03 3.33e+03 9.20e-03   0.0
1
